kotlin version: 2.0.21
error message: org.jetbrains.kotlin.backend.common.BackendException: Backend Internal error: Exception during IR lowering
File being compiled: C:/Users/oizo6/AndroidStudioProjects/MyCarApp/mobile/src/main/java/com/example/mycarapp/activities/AlbumsActivity.kt
The root cause java.lang.RuntimeException was thrown at: org.jetbrains.kotlin.backend.jvm.codegen.FunctionCodegen.generate(FunctionCodegen.kt:47)
	at org.jetbrains.kotlin.backend.common.CodegenUtil.reportBackendException(CodegenUtil.kt:253)
	at org.jetbrains.kotlin.backend.common.CodegenUtil.reportBackendException$default(CodegenUtil.kt:236)
	at org.jetbrains.kotlin.backend.common.phaser.PerformByIrFilePhase.invokeSequential(performByIrFile.kt:65)
	at org.jetbrains.kotlin.backend.common.phaser.PerformByIrFilePhase.invoke(performByIrFile.kt:52)
	at org.jetbrains.kotlin.backend.common.phaser.PerformByIrFilePhase.invoke(performByIrFile.kt:38)
	at org.jetbrains.kotlin.backend.common.phaser.NamedCompilerPhase.phaseBody(CompilerPhase.kt:166)
	at org.jetbrains.kotlin.backend.common.phaser.AbstractNamedCompilerPhase.invoke(CompilerPhase.kt:113)
	at org.jetbrains.kotlin.backend.common.phaser.CompositePhase.invoke(PhaseBuilders.kt:27)
	at org.jetbrains.kotlin.backend.common.phaser.CompositePhase.invoke(PhaseBuilders.kt:14)
	at org.jetbrains.kotlin.backend.common.phaser.NamedCompilerPhase.phaseBody(CompilerPhase.kt:166)
	at org.jetbrains.kotlin.backend.common.phaser.AbstractNamedCompilerPhase.invoke(CompilerPhase.kt:113)
	at org.jetbrains.kotlin.backend.common.phaser.CompilerPhaseKt.invokeToplevel(CompilerPhase.kt:62)
	at org.jetbrains.kotlin.backend.jvm.JvmIrCodegenFactory.invokeCodegen(JvmIrCodegenFactory.kt:371)
	at org.jetbrains.kotlin.codegen.CodegenFactory.generateModule(CodegenFactory.kt:47)
	at org.jetbrains.kotlin.backend.jvm.JvmIrCodegenFactory.generateModuleInFrontendIRMode(JvmIrCodegenFactory.kt:433)
	at org.jetbrains.kotlin.cli.jvm.compiler.pipeline.JvmCompilerPipelineKt.generateCodeFromIr(jvmCompilerPipeline.kt:246)
	at org.jetbrains.kotlin.cli.jvm.compiler.pipeline.JvmCompilerPipelineKt.compileModulesUsingFrontendIrAndLightTree(jvmCompilerPipeline.kt:142)
	at org.jetbrains.kotlin.cli.jvm.K2JVMCompiler.doExecute(K2JVMCompiler.kt:148)
	at org.jetbrains.kotlin.cli.jvm.K2JVMCompiler.doExecute(K2JVMCompiler.kt:43)
	at org.jetbrains.kotlin.cli.common.CLICompiler.execImpl(CLICompiler.kt:103)
	at org.jetbrains.kotlin.cli.common.CLICompiler.execImpl(CLICompiler.kt:49)
	at org.jetbrains.kotlin.cli.common.CLITool.exec(CLITool.kt:101)
	at org.jetbrains.kotlin.incremental.IncrementalJvmCompilerRunner.runCompiler(IncrementalJvmCompilerRunner.kt:464)
	at org.jetbrains.kotlin.incremental.IncrementalJvmCompilerRunner.runCompiler(IncrementalJvmCompilerRunner.kt:73)
	at org.jetbrains.kotlin.incremental.IncrementalCompilerRunner.doCompile(IncrementalCompilerRunner.kt:506)
	at org.jetbrains.kotlin.incremental.IncrementalCompilerRunner.compileImpl(IncrementalCompilerRunner.kt:423)
	at org.jetbrains.kotlin.incremental.IncrementalCompilerRunner.tryCompileIncrementally$lambda$9$compile(IncrementalCompilerRunner.kt:249)
	at org.jetbrains.kotlin.incremental.IncrementalCompilerRunner.tryCompileIncrementally(IncrementalCompilerRunner.kt:267)
	at org.jetbrains.kotlin.incremental.IncrementalCompilerRunner.compile(IncrementalCompilerRunner.kt:120)
	at org.jetbrains.kotlin.daemon.CompileServiceImplBase.execIncrementalCompiler(CompileServiceImpl.kt:675)
	at org.jetbrains.kotlin.daemon.CompileServiceImplBase.access$execIncrementalCompiler(CompileServiceImpl.kt:92)
	at org.jetbrains.kotlin.daemon.CompileServiceImpl.compile(CompileServiceImpl.kt:1660)
	at java.base/jdk.internal.reflect.DirectMethodHandleAccessor.invoke(Unknown Source)
	at java.base/java.lang.reflect.Method.invoke(Unknown Source)
	at java.rmi/sun.rmi.server.UnicastServerRef.dispatch(Unknown Source)
	at java.rmi/sun.rmi.transport.Transport$1.run(Unknown Source)
	at java.rmi/sun.rmi.transport.Transport$1.run(Unknown Source)
	at java.base/java.security.AccessController.doPrivileged(Unknown Source)
	at java.rmi/sun.rmi.transport.Transport.serviceCall(Unknown Source)
	at java.rmi/sun.rmi.transport.tcp.TCPTransport.handleMessages(Unknown Source)
	at java.rmi/sun.rmi.transport.tcp.TCPTransport$ConnectionHandler.run0(Unknown Source)
	at java.rmi/sun.rmi.transport.tcp.TCPTransport$ConnectionHandler.lambda$run$0(Unknown Source)
	at java.base/java.security.AccessController.doPrivileged(Unknown Source)
	at java.rmi/sun.rmi.transport.tcp.TCPTransport$ConnectionHandler.run(Unknown Source)
	at java.base/java.util.concurrent.ThreadPoolExecutor.runWorker(Unknown Source)
	at java.base/java.util.concurrent.ThreadPoolExecutor$Worker.run(Unknown Source)
	at java.base/java.lang.Thread.run(Unknown Source)
Caused by: java.lang.RuntimeException: Exception while generating code for:
FUN name:onCreate visibility:protected modality:OPEN <> ($this:com.example.mycarapp.activities.AlbumsActivity, savedInstanceState:android.os.Bundle?) returnType:kotlin.Unit
  overridden:
    protected open fun onCreate (savedInstanceState: android.os.Bundle?): kotlin.Unit declared in androidx.activity.ComponentActivity
  $this: VALUE_PARAMETER name:<this> type:com.example.mycarapp.activities.AlbumsActivity
  VALUE_PARAMETER name:savedInstanceState index:0 type:android.os.Bundle?
  BLOCK_BODY
    CALL 'protected open fun onCreate (savedInstanceState: android.os.Bundle?): kotlin.Unit declared in androidx.activity.ComponentActivity' superQualifier='CLASS IR_EXTERNAL_DECLARATION_STUB CLASS name:ComponentActivity modality:OPEN visibility:public superTypes:[androidx.core.app.ComponentActivity; androidx.activity.contextaware.ContextAware; androidx.lifecycle.LifecycleOwner; androidx.lifecycle.ViewModelStoreOwner; androidx.lifecycle.HasDefaultViewModelProviderFactory; androidx.savedstate.SavedStateRegistryOwner; androidx.activity.OnBackPressedDispatcherOwner; androidx.activity.result.ActivityResultRegistryOwner; androidx.activity.result.ActivityResultCaller; androidx.core.content.OnConfigurationChangedProvider; androidx.core.content.OnTrimMemoryProvider; androidx.core.app.OnNewIntentProvider; androidx.core.app.OnMultiWindowModeChangedProvider; androidx.core.app.OnPictureInPictureModeChangedProvider; androidx.core.app.OnUserLeaveHintProvider; androidx.core.view.MenuHost; androidx.activity.FullyDrawnReporterOwner]' type=kotlin.Unit origin=null
      $this: GET_VAR '<this>: com.example.mycarapp.activities.AlbumsActivity declared in com.example.mycarapp.activities.AlbumsActivity.onCreate' type=com.example.mycarapp.activities.AlbumsActivity origin=null
      savedInstanceState: GET_VAR 'savedInstanceState: android.os.Bundle? declared in com.example.mycarapp.activities.AlbumsActivity.onCreate' type=android.os.Bundle? origin=null
    VAR name:authToken type:kotlin.String? [val]
      CALL 'public open fun getStringExtra (p0: @[FlexibleNullability] kotlin.String?): @[EnhancedNullability] kotlin.String? declared in android.content.Intent' type=@[EnhancedNullability] kotlin.String? origin=null
        $this: CALL 'public open fun getIntent (): @[FlexibleNullability] android.content.Intent? [fake_override] declared in com.example.mycarapp.activities.AlbumsActivity' type=@[FlexibleNullability] android.content.Intent? origin=GET_PROPERTY
          $this: GET_VAR '<this>: com.example.mycarapp.activities.AlbumsActivity declared in com.example.mycarapp.activities.AlbumsActivity.onCreate' type=com.example.mycarapp.activities.AlbumsActivity origin=null
        p0: CONST String type=kotlin.String value="AUTH_TOKEN"
    VAR name:subsonicSalt type:kotlin.String? [val]
      CALL 'public open fun getStringExtra (p0: @[FlexibleNullability] kotlin.String?): @[EnhancedNullability] kotlin.String? declared in android.content.Intent' type=@[EnhancedNullability] kotlin.String? origin=null
        $this: CALL 'public open fun getIntent (): @[FlexibleNullability] android.content.Intent? [fake_override] declared in com.example.mycarapp.activities.AlbumsActivity' type=@[FlexibleNullability] android.content.Intent? origin=GET_PROPERTY
          $this: GET_VAR '<this>: com.example.mycarapp.activities.AlbumsActivity declared in com.example.mycarapp.activities.AlbumsActivity.onCreate' type=com.example.mycarapp.activities.AlbumsActivity origin=null
        p0: CONST String type=kotlin.String value="SUBSONIC_SALT"
    VAR name:subsonicToken type:kotlin.String? [val]
      CALL 'public open fun getStringExtra (p0: @[FlexibleNullability] kotlin.String?): @[EnhancedNullability] kotlin.String? declared in android.content.Intent' type=@[EnhancedNullability] kotlin.String? origin=null
        $this: CALL 'public open fun getIntent (): @[FlexibleNullability] android.content.Intent? [fake_override] declared in com.example.mycarapp.activities.AlbumsActivity' type=@[FlexibleNullability] android.content.Intent? origin=GET_PROPERTY
          $this: GET_VAR '<this>: com.example.mycarapp.activities.AlbumsActivity declared in com.example.mycarapp.activities.AlbumsActivity.onCreate' type=com.example.mycarapp.activities.AlbumsActivity origin=null
        p0: CONST String type=kotlin.String value="SUBSONIC_TOKEN"
    VAR name:serverUrl type:kotlin.String? [val]
      CALL 'public open fun getStringExtra (p0: @[FlexibleNullability] kotlin.String?): @[EnhancedNullability] kotlin.String? declared in android.content.Intent' type=@[EnhancedNullability] kotlin.String? origin=null
        $this: CALL 'public open fun getIntent (): @[FlexibleNullability] android.content.Intent? [fake_override] declared in com.example.mycarapp.activities.AlbumsActivity' type=@[FlexibleNullability] android.content.Intent? origin=GET_PROPERTY
          $this: GET_VAR '<this>: com.example.mycarapp.activities.AlbumsActivity declared in com.example.mycarapp.activities.AlbumsActivity.onCreate' type=com.example.mycarapp.activities.AlbumsActivity origin=null
        p0: CONST String type=kotlin.String value="SERVER_URL"
    VAR name:username type:kotlin.String? [val]
      CALL 'public open fun getStringExtra (p0: @[FlexibleNullability] kotlin.String?): @[EnhancedNullability] kotlin.String? declared in android.content.Intent' type=@[EnhancedNullability] kotlin.String? origin=null
        $this: CALL 'public open fun getIntent (): @[FlexibleNullability] android.content.Intent? [fake_override] declared in com.example.mycarapp.activities.AlbumsActivity' type=@[FlexibleNullability] android.content.Intent? origin=GET_PROPERTY
          $this: GET_VAR '<this>: com.example.mycarapp.activities.AlbumsActivity declared in com.example.mycarapp.activities.AlbumsActivity.onCreate' type=com.example.mycarapp.activities.AlbumsActivity origin=null
        p0: CONST String type=kotlin.String value="USERNAME"
    VAR PROPERTY_DELEGATE name:albumsList$delegate type:androidx.compose.runtime.MutableState<kotlin.collections.List<com.example.piciplayer.dto.Album>> [val]
      CALL 'public final fun remember <T> (calculation: @[DisallowComposableCalls] kotlin.Function0<T of androidx.compose.runtime.ComposablesKt.remember>): T of androidx.compose.runtime.ComposablesKt.remember [inline] declared in androidx.compose.runtime.ComposablesKt' type=androidx.compose.runtime.MutableState<kotlin.collections.List<com.example.piciplayer.dto.Album>> origin=null
        <T>: androidx.compose.runtime.MutableState<kotlin.collections.List<com.example.piciplayer.dto.Album>>
        calculation: BLOCK type=kotlin.Function0<androidx.compose.runtime.MutableState<kotlin.collections.List<com.example.piciplayer.dto.Album>>> origin=LAMBDA
          COMPOSITE type=kotlin.Unit origin=null
          FUNCTION_REFERENCE 'private final fun onCreate$lambda$0 (): androidx.compose.runtime.MutableState<kotlin.collections.List<com.example.piciplayer.dto.Album>> declared in com.example.mycarapp.activities.AlbumsActivity' type=kotlin.Function0<androidx.compose.runtime.MutableState<kotlin.collections.List<com.example.piciplayer.dto.Album>>> origin=INLINE_LAMBDA reflectionTarget=null

	at org.jetbrains.kotlin.backend.jvm.codegen.FunctionCodegen.generate(FunctionCodegen.kt:47)
	at org.jetbrains.kotlin.backend.jvm.codegen.FunctionCodegen.generate$default(FunctionCodegen.kt:40)
	at org.jetbrains.kotlin.backend.jvm.codegen.ClassCodegen.generateMethodNode(ClassCodegen.kt:406)
	at org.jetbrains.kotlin.backend.jvm.codegen.ClassCodegen.generateMethod(ClassCodegen.kt:423)
	at org.jetbrains.kotlin.backend.jvm.codegen.ClassCodegen.generate(ClassCodegen.kt:168)
	at org.jetbrains.kotlin.backend.jvm.FileCodegen.lower(JvmPhases.kt:39)
	at org.jetbrains.kotlin.backend.common.phaser.PhaseFactoriesKt.createFilePhase$lambda$4(PhaseFactories.kt:71)
	at org.jetbrains.kotlin.backend.common.phaser.PhaseBuildersKt$createSimpleNamedCompilerPhase$1.phaseBody(PhaseBuilders.kt:69)
	at org.jetbrains.kotlin.backend.common.phaser.SimpleNamedCompilerPhase.phaseBody(CompilerPhase.kt:226)
	at org.jetbrains.kotlin.backend.common.phaser.AbstractNamedCompilerPhase.invoke(CompilerPhase.kt:113)
	at org.jetbrains.kotlin.backend.common.phaser.PerformByIrFilePhase.invokeSequential(performByIrFile.kt:62)
	... 44 more
Caused by: org.jetbrains.kotlin.codegen.CompilationException: Back-end (JVM) Internal error: Couldn't inline method call: CALL 'public final fun remember <T> (calculation: @[DisallowComposableCalls] kotlin.Function0<T of androidx.compose.runtime.ComposablesKt.remember>): T of androidx.compose.runtime.ComposablesKt.remember [inline] declared in androidx.compose.runtime.ComposablesKt' type=androidx.compose.runtime.MutableState<kotlin.collections.List<com.example.piciplayer.dto.Album>> origin=null
Method: null
File is unknown
The root cause java.lang.IllegalStateException was thrown at: org.jetbrains.kotlin.codegen.inline.SourceCompilerForInlineKt.getMethodNode(SourceCompilerForInline.kt:118)
	at org.jetbrains.kotlin.codegen.inline.InlineCodegen.performInline(InlineCodegen.kt:65)
	at org.jetbrains.kotlin.backend.jvm.codegen.IrInlineCodegen.genInlineCall(IrInlineCodegen.kt:163)
	at org.jetbrains.kotlin.backend.jvm.codegen.IrInlineCallGenerator.genCall(IrInlineCallGenerator.kt:36)
	at org.jetbrains.kotlin.backend.jvm.codegen.ExpressionCodegen.visitCall(ExpressionCodegen.kt:653)
	at org.jetbrains.kotlin.backend.jvm.codegen.ExpressionCodegen.visitCall(ExpressionCodegen.kt:138)
	at org.jetbrains.kotlin.ir.expressions.IrCall.accept(IrCall.kt:24)
	at org.jetbrains.kotlin.backend.jvm.codegen.ExpressionCodegen.visitVariable(ExpressionCodegen.kt:790)
	at org.jetbrains.kotlin.backend.jvm.codegen.ExpressionCodegen.visitVariable(ExpressionCodegen.kt:138)
	at org.jetbrains.kotlin.ir.declarations.IrVariable.accept(IrVariable.kt:36)
	at org.jetbrains.kotlin.backend.jvm.codegen.ExpressionCodegen.visitStatementContainer(ExpressionCodegen.kt:579)
	at org.jetbrains.kotlin.backend.jvm.codegen.ExpressionCodegen.visitBlockBody(ExpressionCodegen.kt:584)
	at org.jetbrains.kotlin.backend.jvm.codegen.ExpressionCodegen.visitBlockBody(ExpressionCodegen.kt:138)
	at org.jetbrains.kotlin.ir.expressions.IrBlockBody.accept(IrBlockBody.kt:20)
	at org.jetbrains.kotlin.backend.jvm.codegen.ExpressionCodegen.generate(ExpressionCodegen.kt:240)
	at org.jetbrains.kotlin.backend.jvm.codegen.FunctionCodegen.doGenerate(FunctionCodegen.kt:123)
	at org.jetbrains.kotlin.backend.jvm.codegen.FunctionCodegen.generate(FunctionCodegen.kt:44)
	... 54 more
Caused by: java.lang.IllegalStateException: couldn't find inline method Landroidx/compose/runtime/ComposablesKt;.remember(Lkotlin/jvm/functions/Function0;)Ljava/lang/Object;
	at org.jetbrains.kotlin.codegen.inline.SourceCompilerForInlineKt.getMethodNode(SourceCompilerForInline.kt:118)
	at org.jetbrains.kotlin.codegen.inline.SourceCompilerForInlineKt.loadCompiledInlineFunction(SourceCompilerForInline.kt:96)
	at org.jetbrains.kotlin.backend.jvm.codegen.IrSourceCompilerForInline.compileInlineFunction(IrSourceCompilerForInline.kt:91)
	at org.jetbrains.kotlin.codegen.inline.InlineCodegen.compileInline(InlineCodegen.kt:43)
	at org.jetbrains.kotlin.codegen.inline.InlineCodegen.performInline(InlineCodegen.kt:51)
	... 69 more


