kotlin version: 2.0.21
error message: org.jetbrains.kotlin.backend.common.BackendException: Backend Internal error: Exception during IR lowering
File being compiled: C:/Users/oizo6/AndroidStudioProjects/MyCarApp/mobile/src/main/java/com/example/mycarapp/activities/AlbumsActivity.kt
The root cause java.lang.RuntimeException was thrown at: org.jetbrains.kotlin.backend.jvm.codegen.FunctionCodegen.generate(FunctionCodegen.kt:47)
	at org.jetbrains.kotlin.backend.common.CodegenUtil.reportBackendException(CodegenUtil.kt:253)
	at org.jetbrains.kotlin.backend.common.CodegenUtil.reportBackendException$default(CodegenUtil.kt:236)
	at org.jetbrains.kotlin.backend.common.phaser.PerformByIrFilePhase.invokeSequential(performByIrFile.kt:65)
	at org.jetbrains.kotlin.backend.common.phaser.PerformByIrFilePhase.invoke(performByIrFile.kt:52)
	at org.jetbrains.kotlin.backend.common.phaser.PerformByIrFilePhase.invoke(performByIrFile.kt:38)
	at org.jetbrains.kotlin.backend.common.phaser.NamedCompilerPhase.phaseBody(CompilerPhase.kt:166)
	at org.jetbrains.kotlin.backend.common.phaser.AbstractNamedCompilerPhase.invoke(CompilerPhase.kt:113)
	at org.jetbrains.kotlin.backend.common.phaser.CompositePhase.invoke(PhaseBuilders.kt:27)
	at org.jetbrains.kotlin.backend.common.phaser.CompositePhase.invoke(PhaseBuilders.kt:14)
	at org.jetbrains.kotlin.backend.common.phaser.NamedCompilerPhase.phaseBody(CompilerPhase.kt:166)
	at org.jetbrains.kotlin.backend.common.phaser.AbstractNamedCompilerPhase.invoke(CompilerPhase.kt:113)
	at org.jetbrains.kotlin.backend.common.phaser.CompilerPhaseKt.invokeToplevel(CompilerPhase.kt:62)
	at org.jetbrains.kotlin.backend.jvm.JvmIrCodegenFactory.invokeCodegen(JvmIrCodegenFactory.kt:371)
	at org.jetbrains.kotlin.codegen.CodegenFactory.generateModule(CodegenFactory.kt:47)
	at org.jetbrains.kotlin.backend.jvm.JvmIrCodegenFactory.generateModuleInFrontendIRMode(JvmIrCodegenFactory.kt:433)
	at org.jetbrains.kotlin.cli.jvm.compiler.pipeline.JvmCompilerPipelineKt.generateCodeFromIr(jvmCompilerPipeline.kt:246)
	at org.jetbrains.kotlin.cli.jvm.compiler.pipeline.JvmCompilerPipelineKt.compileModulesUsingFrontendIrAndLightTree(jvmCompilerPipeline.kt:142)
	at org.jetbrains.kotlin.cli.jvm.K2JVMCompiler.doExecute(K2JVMCompiler.kt:148)
	at org.jetbrains.kotlin.cli.jvm.K2JVMCompiler.doExecute(K2JVMCompiler.kt:43)
	at org.jetbrains.kotlin.cli.common.CLICompiler.execImpl(CLICompiler.kt:103)
	at org.jetbrains.kotlin.cli.common.CLICompiler.execImpl(CLICompiler.kt:49)
	at org.jetbrains.kotlin.cli.common.CLITool.exec(CLITool.kt:101)
	at org.jetbrains.kotlin.incremental.IncrementalJvmCompilerRunner.runCompiler(IncrementalJvmCompilerRunner.kt:464)
	at org.jetbrains.kotlin.incremental.IncrementalJvmCompilerRunner.runCompiler(IncrementalJvmCompilerRunner.kt:73)
	at org.jetbrains.kotlin.incremental.IncrementalCompilerRunner.doCompile(IncrementalCompilerRunner.kt:506)
	at org.jetbrains.kotlin.incremental.IncrementalCompilerRunner.compileImpl(IncrementalCompilerRunner.kt:423)
	at org.jetbrains.kotlin.incremental.IncrementalCompilerRunner.compileNonIncrementally(IncrementalCompilerRunner.kt:301)
	at org.jetbrains.kotlin.incremental.IncrementalCompilerRunner.compile(IncrementalCompilerRunner.kt:129)
	at org.jetbrains.kotlin.daemon.CompileServiceImplBase.execIncrementalCompiler(CompileServiceImpl.kt:675)
	at org.jetbrains.kotlin.daemon.CompileServiceImplBase.access$execIncrementalCompiler(CompileServiceImpl.kt:92)
	at org.jetbrains.kotlin.daemon.CompileServiceImpl.compile(CompileServiceImpl.kt:1660)
	at java.base/jdk.internal.reflect.DirectMethodHandleAccessor.invoke(Unknown Source)
	at java.base/java.lang.reflect.Method.invoke(Unknown Source)
	at java.rmi/sun.rmi.server.UnicastServerRef.dispatch(Unknown Source)
	at java.rmi/sun.rmi.transport.Transport$1.run(Unknown Source)
	at java.rmi/sun.rmi.transport.Transport$1.run(Unknown Source)
	at java.base/java.security.AccessController.doPrivileged(Unknown Source)
	at java.rmi/sun.rmi.transport.Transport.serviceCall(Unknown Source)
	at java.rmi/sun.rmi.transport.tcp.TCPTransport.handleMessages(Unknown Source)
	at java.rmi/sun.rmi.transport.tcp.TCPTransport$ConnectionHandler.run0(Unknown Source)
	at java.rmi/sun.rmi.transport.tcp.TCPTransport$ConnectionHandler.lambda$run$0(Unknown Source)
	at java.base/java.security.AccessController.doPrivileged(Unknown Source)
	at java.rmi/sun.rmi.transport.tcp.TCPTransport$ConnectionHandler.run(Unknown Source)
	at java.base/java.util.concurrent.ThreadPoolExecutor.runWorker(Unknown Source)
	at java.base/java.util.concurrent.ThreadPoolExecutor$Worker.run(Unknown Source)
	at java.base/java.lang.Thread.run(Unknown Source)
Caused by: java.lang.RuntimeException: Exception while generating code for:
FUN name:onCreate visibility:protected modality:OPEN <> ($this:com.example.mycarapp.activities.AlbumsActivity, savedInstanceState:android.os.Bundle?) returnType:kotlin.Unit
  overridden:
    protected open fun onCreate (savedInstanceState: android.os.Bundle?): kotlin.Unit declared in androidx.activity.ComponentActivity
  $this: VALUE_PARAMETER name:<this> type:com.example.mycarapp.activities.AlbumsActivity
  VALUE_PARAMETER name:savedInstanceState index:0 type:android.os.Bundle?
  BLOCK_BODY
    CALL 'protected open fun onCreate (savedInstanceState: android.os.Bundle?): kotlin.Unit declared in androidx.activity.ComponentActivity' superQualifier='CLASS IR_EXTERNAL_DECLARATION_STUB CLASS name:ComponentActivity modality:OPEN visibility:public superTypes:[androidx.core.app.ComponentActivity; androidx.activity.contextaware.ContextAware; androidx.lifecycle.LifecycleOwner; androidx.lifecycle.ViewModelStoreOwner; androidx.lifecycle.HasDefaultViewModelProviderFactory; androidx.savedstate.SavedStateRegistryOwner; androidx.activity.OnBackPressedDispatcherOwner; androidx.activity.result.ActivityResultRegistryOwner; androidx.activity.result.ActivityResultCaller; androidx.core.content.OnConfigurationChangedProvider; androidx.core.content.OnTrimMemoryProvider; androidx.core.app.OnNewIntentProvider; androidx.core.app.OnMultiWindowModeChangedProvider; androidx.core.app.OnPictureInPictureModeChangedProvider; androidx.core.app.OnUserLeaveHintProvider; androidx.core.view.MenuHost; androidx.activity.FullyDrawnReporterOwner]' type=kotlin.Unit origin=null
      $this: GET_VAR '<this>: com.example.mycarapp.activities.AlbumsActivity declared in com.example.mycarapp.activities.AlbumsActivity.onCreate' type=com.example.mycarapp.activities.AlbumsActivity origin=null
      savedInstanceState: GET_VAR 'savedInstanceState: android.os.Bundle? declared in com.example.mycarapp.activities.AlbumsActivity.onCreate' type=android.os.Bundle? origin=null
    VAR name:authToken type:kotlin.String? [val]
      CALL 'public open fun getStringExtra (p0: @[FlexibleNullability] kotlin.String?): @[EnhancedNullability] kotlin.String? declared in android.content.Intent' type=@[EnhancedNullability] kotlin.String? origin=null
        $this: CALL 'public open fun getIntent (): @[FlexibleNullability] android.content.Intent? [fake_override] declared in com.example.mycarapp.activities.AlbumsActivity' type=@[FlexibleNullability] android.content.Intent? origin=GET_PROPERTY
          $this: GET_VAR '<this>: com.example.mycarapp.activities.AlbumsActivity declared in com.example.mycarapp.activities.AlbumsActivity.onCreate' type=com.example.mycarapp.activities.AlbumsActivity origin=null
        p0: CONST String type=kotlin.String value="AUTH_TOKEN"
    VAR name:subsonicSalt type:kotlin.String? [val]
      CALL 'public open fun getStringExtra (p0: @[FlexibleNullability] kotlin.String?): @[EnhancedNullability] kotlin.String? declared in android.content.Intent' type=@[EnhancedNullability] kotlin.String? origin=null
        $this: CALL 'public open fun getIntent (): @[FlexibleNullability] android.content.Intent? [fake_override] declared in com.example.mycarapp.activities.AlbumsActivity' type=@[FlexibleNullability] android.content.Intent? origin=GET_PROPERTY
          $this: GET_VAR '<this>: com.example.mycarapp.activities.AlbumsActivity declared in com.example.mycarapp.activities.AlbumsActivity.onCreate' type=com.example.mycarapp.activities.AlbumsActivity origin=null
        p0: CONST String type=kotlin.String value="SUBSONIC_SALT"
    VAR name:subsonicToken type:kotlin.String? [val]
      CALL 'public open fun getStringExtra (p0: @[FlexibleNullability] kotlin.String?): @[EnhancedNullability] kotlin.String? declared in android.content.Intent' type=@[EnhancedNullability] kotlin.String? origin=null
        $this: CALL 'public open fun getIntent (): @[FlexibleNullability] android.content.Intent? [fake_override] declared in com.example.mycarapp.activities.AlbumsActivity' type=@[FlexibleNullability] android.content.Intent? origin=GET_PROPERTY
          $this: GET_VAR '<this>: com.example.mycarapp.activities.AlbumsActivity declared in com.example.mycarapp.activities.AlbumsActivity.onCreate' type=com.example.mycarapp.activities.AlbumsActivity origin=null
        p0: CONST String type=kotlin.String value="SUBSONIC_TOKEN"
    VAR name:serverUrl type:kotlin.String? [val]
      CALL 'public open fun getStringExtra (p0: @[FlexibleNullability] kotlin.String?): @[EnhancedNullability] kotlin.String? declared in android.content.Intent' type=@[EnhancedNullability] kotlin.String? origin=null
        $this: CALL 'public open fun getIntent (): @[FlexibleNullability] android.content.Intent? [fake_override] declared in com.example.mycarapp.activities.AlbumsActivity' type=@[FlexibleNullability] android.content.Intent? origin=GET_PROPERTY
          $this: GET_VAR '<this>: com.example.mycarapp.activities.AlbumsActivity declared in com.example.mycarapp.activities.AlbumsActivity.onCreate' type=com.example.mycarapp.activities.AlbumsActivity origin=null
        p0: CONST String type=kotlin.String value="SERVER_URL"
    VAR name:username type:kotlin.String? [val]
      CALL 'public open fun getStringExtra (p0: @[FlexibleNullability] kotlin.String?): @[EnhancedNullability] kotlin.String? declared in android.content.Intent' type=@[EnhancedNullability] kotlin.String? origin=null
        $this: CALL 'public open fun getIntent (): @[FlexibleNullability] android.content.Intent? [fake_override] declared in com.example.mycarapp.activities.AlbumsActivity' type=@[FlexibleNullability] android.content.Intent? origin=GET_PROPERTY
          $this: GET_VAR '<this>: com.example.mycarapp.activities.AlbumsActivity declared in com.example.mycarapp.activities.AlbumsActivity.onCreate' type=com.example.mycarapp.activities.AlbumsActivity origin=null
        p0: CONST String type=kotlin.String value="USERNAME"
    VAR PROPERTY_DELEGATE name:albumsList$delegate type:androidx.compose.runtime.MutableState<kotlin.collections.List<com.example.piciplayer.dto.Album>> [val]
      CALL 'public final fun remember <T> (calculation: @[DisallowComposableCalls] kotlin.Function0<T of androidx.compose.runtime.ComposablesKt.remember>): T of androidx.compose.runtime.ComposablesKt.remember [inline] declared in androidx.compose.runtime.ComposablesKt' type=androidx.compose.runtime.MutableState<kotlin.collections.List<com.example.piciplayer.dto.Album>> origin=null
        <T>: androidx.compose.runtime.MutableState<kotlin.collections.List<com.example.piciplayer.dto.Album>>
        calculation: BLOCK type=kotlin.Function0<androidx.compose.runtime.MutableState<kotlin.collections.List<com.example.piciplayer.dto.Album>>> origin=LAMBDA
          COMPOSITE type=kotlin.Unit origin=null
          FUNCTION_REFERENCE 'private final fun onCreate$lambda$0 (): androidx.compose.runtime.MutableState<kotlin.collections.List<com.example.piciplayer.dto.Album>> declared in com.example.mycarapp.activities.AlbumsActivity' type=kotlin.Function0<androidx.compose.runtime.MutableState<kotlin.collections.List<com.example.piciplayer.dto.Album>>> origin=INLINE_LAMBDA reflectionTarget=null
    VAR PROPERTY_DELEGATE name:statusText$delegate type:androidx.compose.runtime.MutableState<kotlin.String> [val]
      CALL 'public final fun remember <T> (calculation: @[DisallowComposableCalls] kotlin.Function0<T of androidx.compose.runtime.ComposablesKt.remember>): T of androidx.compose.runtime.ComposablesKt.remember [inline] declared in androidx.compose.runtime.ComposablesKt' type=androidx.compose.runtime.MutableState<kotlin.String> origin=null
        <T>: androidx.compose.runtime.MutableState<kotlin.String>
        calculation: BLOCK type=kotlin.Function0<androidx.compose.runtime.MutableState<kotlin.String>> origin=LAMBDA
          COMPOSITE type=kotlin.Unit origin=null
          FUNCTION_REFERENCE 'private final fun onCreate$lambda$3 (): androidx.compose.runtime.MutableState<kotlin.String> declared in com.example.mycarapp.activities.AlbumsActivity' type=kotlin.Function0<androidx.compose.runtime.MutableState<kotlin.String>> origin=INLINE_LAMBDA reflectionTarget=null
    VAR PROPERTY_DELEGATE name:isLoading$delegate type:androidx.compose.runtime.MutableState<kotlin.Boolean> [val]
      CALL 'public final fun remember <T> (calculation: @[DisallowComposableCalls] kotlin.Function0<T of androidx.compose.runtime.ComposablesKt.remember>): T of androidx.compose.runtime.ComposablesKt.remember [inline] declared in androidx.compose.runtime.ComposablesKt' type=androidx.compose.runtime.MutableState<kotlin.Boolean> origin=null
        <T>: androidx.compose.runtime.MutableState<kotlin.Boolean>
        calculation: BLOCK type=kotlin.Function0<androidx.compose.runtime.MutableState<kotlin.Boolean>> origin=LAMBDA
          COMPOSITE type=kotlin.Unit origin=null
          FUNCTION_REFERENCE 'private final fun onCreate$lambda$6 (): androidx.compose.runtime.MutableState<kotlin.Boolean> declared in com.example.mycarapp.activities.AlbumsActivity' type=kotlin.Function0<androidx.compose.runtime.MutableState<kotlin.Boolean>> origin=INLINE_LAMBDA reflectionTarget=null
    CALL 'public final fun LaunchedEffect (key1: kotlin.Any?, block: @[ExtensionFunctionType] kotlin.coroutines.SuspendFunction1<kotlinx.coroutines.CoroutineScope, kotlin.Unit>): kotlin.Unit declared in androidx.compose.runtime.EffectsKt' type=kotlin.Unit origin=null
      key1: GET_FIELD 'FIELD FIELD_FOR_OBJECT_INSTANCE name:INSTANCE type:kotlin.Unit visibility:public [final,static] declared in kotlin.Unit' type=kotlin.Unit origin=null
      block: BLOCK type=com.example.mycarapp.activities.AlbumsActivity.onCreate.<no name provided> origin=null
        CLASS SUSPEND_LAMBDA CLASS name:<no name provided> modality:FINAL visibility:public/*package*/ superTypes:[kotlin.coroutines.jvm.internal.SuspendLambda; kotlin.jvm.functions.Function2<kotlinx.coroutines.CoroutineScope, kotlin.coroutines.Continuation<kotlin.Unit>?, kotlin.Any?>]
          $this: VALUE_PARAMETER INSTANCE_RECEIVER name:<this> type:com.example.mycarapp.activities.AlbumsActivity.onCreate.<no name provided>
          FIELD name:label type:kotlin.Int visibility:public/*package*/
          CONSTRUCTOR SUSPEND_LAMBDA visibility:public/*package*/ <> ($serverUrl:kotlin.String?, $authToken:kotlin.String?, $albumsList$delegate:androidx.compose.runtime.MutableState<kotlin.collections.List<com.example.piciplayer.dto.Album>>, $statusText$delegate:androidx.compose.runtime.MutableState<kotlin.String>, $isLoading$delegate:androidx.compose.runtime.MutableState<kotlin.Boolean>, $completion:kotlin.coroutines.Continuation<com.example.mycarapp.activities.AlbumsActivity.onCreate.<no name provided>>?) returnType:com.example.mycarapp.activities.AlbumsActivity.onCreate.<no name provided> [primary]
            VALUE_PARAMETER BOUND_VALUE_PARAMETER name:$serverUrl index:0 type:kotlin.String?
            VALUE_PARAMETER BOUND_VALUE_PARAMETER name:$authToken index:1 type:kotlin.String?
            VALUE_PARAMETER BOUND_VALUE_PARAMETER name:$albumsList$delegate index:2 type:androidx.compose.runtime.MutableState<kotlin.collections.List<com.example.piciplayer.dto.Album>>
            VALUE_PARAMETER BOUND_VALUE_PARAMETER name:$statusText$delegate index:3 type:androidx.compose.runtime.MutableState<kotlin.String>
            VALUE_PARAMETER BOUND_VALUE_PARAMETER name:$isLoading$delegate index:4 type:androidx.compose.runtime.MutableState<kotlin.Boolean>
            VALUE_PARAMETER name:$completion index:5 type:kotlin.coroutines.Continuation<com.example.mycarapp.activities.AlbumsActivity.onCreate.<no name provided>>?
            BLOCK_BODY
              SET_FIELD 'FIELD FIELD_FOR_CAPTURED_VALUE name:$serverUrl type:kotlin.String? visibility:public/*package*/ [final] declared in com.example.mycarapp.activities.AlbumsActivity.onCreate.<no name provided>' type=kotlin.Unit origin=INITIALIZER_OF_FIELD_FOR_CAPTURED_VALUE
                receiver: GET_VAR '<this>: com.example.mycarapp.activities.AlbumsActivity.onCreate.<no name provided> declared in com.example.mycarapp.activities.AlbumsActivity.onCreate.<no name provided>' type=com.example.mycarapp.activities.AlbumsActivity.onCreate.<no name provided> origin=null
                value: GET_VAR '$serverUrl: kotlin.String? declared in com.example.mycarapp.activities.AlbumsActivity.onCreate.<no name provided>.<init>' type=kotlin.String? origin=null
              SET_FIELD 'FIELD FIELD_FOR_CAPTURED_VALUE name:$authToken type:kotlin.String? visibility:public/*package*/ [final] declared in com.example.mycarapp.activities.AlbumsActivity.onCreate.<no name provided>' type=kotlin.Unit origin=INITIALIZER_OF_FIELD_FOR_CAPTURED_VALUE
                receiver: GET_VAR '<this>: com.example.mycarapp.activities.AlbumsActivity.onCreate.<no name provided> declared in com.example.mycarapp.activities.AlbumsActivity.onCreate.<no name provided>' type=com.example.mycarapp.activities.AlbumsActivity.onCreate.<no name provided> origin=null
                value: GET_VAR '$authToken: kotlin.String? declared in com.example.mycarapp.activities.AlbumsActivity.onCreate.<no name provided>.<init>' type=kotlin.String? origin=null
              SET_FIELD 'FIELD FIELD_FOR_CAPTURED_VALUE name:$albumsList$delegate type:androidx.compose.runtime.MutableState<kotlin.collections.List<com.example.piciplayer.dto.Album>> visibility:public/*package*/ [final] declared in com.example.mycarapp.activities.AlbumsActivity.onCreate.<no name provided>' type=kotlin.Unit origin=INITIALIZER_OF_FIELD_FOR_CAPTURED_VALUE
                receiver: GET_VAR '<this>: com.example.mycarapp.activities.AlbumsActivity.onCreate.<no name provided> declared in com.example.mycarapp.activities.AlbumsActivity.onCreate.<no name provided>' type=com.example.mycarapp.activities.AlbumsActivity.onCreate.<no name provided> origin=null
                value: GET_VAR '$albumsList$delegate: androidx.compose.runtime.MutableState<kotlin.collections.List<com.example.piciplayer.dto.Album>> declared in com.example.mycarapp.activities.AlbumsActivity.onCreate.<no name provided>.<init>' type=androidx.compose.runtime.MutableState<kotlin.collections.List<com.example.piciplayer.dto.Album>> origin=null
              SET_FIELD 'FIELD FIELD_FOR_CAPTURED_VALUE name:$statusText$delegate type:androidx.compose.runtime.MutableState<kotlin.String> visibility:public/*package*/ [final] declared in com.example.mycarapp.activities.AlbumsActivity.onCreate.<no name provided>' type=kotlin.Unit origin=INITIALIZER_OF_FIELD_FOR_CAPTURED_VALUE
                receiver: GET_VAR '<this>: com.example.mycarapp.activities.AlbumsActivity.onCreate.<no name provided> declared in com.example.mycarapp.activities.AlbumsActivity.onCreate.<no name provided>' type=com.example.mycarapp.activities.AlbumsActivity.onCreate.<no name provided> origin=null
                value: GET_VAR '$statusText$delegate: androidx.compose.runtime.MutableState<kotlin.String> declared in com.example.mycarapp.activities.AlbumsActivity.onCreate.<no name provided>.<init>' type=androidx.compose.runtime.MutableState<kotlin.String> origin=null
              SET_FIELD 'FIELD FIELD_FOR_CAPTURED_VALUE name:$isLoading$delegate type:androidx.compose.runtime.MutableState<kotlin.Boolean> visibility:public/*package*/ [final] declared in com.example.mycarapp.activities.AlbumsActivity.onCreate.<no name provided>' type=kotlin.Unit origin=INITIALIZER_OF_FIELD_FOR_CAPTURED_VALUE
                receiver: GET_VAR '<this>: com.example.mycarapp.activities.AlbumsActivity.onCreate.<no name provided> declared in com.example.mycarapp.activities.AlbumsActivity.onCreate.<no name provided>' type=com.example.mycarapp.activities.AlbumsActivity.onCreate.<no name provided> origin=null
                value: GET_VAR '$isLoading$delegate: androidx.compose.runtime.MutableState<kotlin.Boolean> declared in com.example.mycarapp.activities.AlbumsActivity.onCreate.<no name provided>.<init>' type=androidx.compose.runtime.MutableState<kotlin.Boolean> origin=null
              DELEGATING_CONSTRUCTOR_CALL 'public constructor <init> (arity: kotlin.Int, $completion: kotlin.coroutines.Continuation<kotlin.Any?>?) declared in kotlin.coroutines.jvm.internal.SuspendLambda'
                arity: CONST Int type=kotlin.Int value=2
                $completion: GET_VAR '$completion: kotlin.coroutines.Continuation<com.example.mycarapp.activities.AlbumsActivity.onCreate.<no name provided>>? declared in com.example.mycarapp.activities.AlbumsActivity.onCreate.<no name provided>.<init>' type=kotlin.coroutines.Continuation<com.example.mycarapp.activities.AlbumsActivity.onCreate.<no name provided>>? origin=null
              BLOCK type=kotlin.Unit origin=null
          FUN name:invokeSuspend visibility:public modality:FINAL <> ($this:com.example.mycarapp.activities.AlbumsActivity.onCreate.<no name provided>, $result:kotlin.Result<kotlin.Any?>) returnType:kotlin.Any?
            overridden:
              protected abstract fun invokeSuspend ($result: kotlin.Result<kotlin.Any?>): kotlin.Any? declared in kotlin.coroutines.jvm.internal.SuspendLambda
            $this: VALUE_PARAMETER INSTANCE_RECEIVER name:<this> type:com.example.mycarapp.activities.AlbumsActivity.onCreate.<no name provided>
            VALUE_PARAMETER name:$result index:0 type:kotlin.Result<kotlin.Any?>
            BLOCK_BODY
              VAR name:authInterceptor type:okhttp3.Interceptor [val]
                BLOCK type=okhttp3.Interceptor origin=LAMBDA
                  COMPOSITE type=kotlin.Unit origin=null
                  CALL 'public final fun <jvm-indy> <T> (dynamicCall: T of kotlin.jvm.internal.<jvm-indy>, bootstrapMethodHandle: kotlin.Any, vararg bootstrapMethodArguments: kotlin.Any): T of kotlin.jvm.internal.<jvm-indy> declared in kotlin.jvm.internal' type=okhttp3.Interceptor origin=null
                    <T>: okhttp3.Interceptor
                    dynamicCall: CALL 'public final fun intercept (p0: kotlin.String?): okhttp3.Interceptor declared in kotlin.jvm.internal.invokeDynamic' type=okhttp3.Interceptor origin=null
                      p0: GET_FIELD 'FIELD FIELD_FOR_CAPTURED_VALUE name:$authToken type:kotlin.String? visibility:public/*package*/ [final] declared in com.example.mycarapp.activities.AlbumsActivity.onCreate.<no name provided>' type=kotlin.String? origin=null
                        receiver: GET_VAR '<this>: com.example.mycarapp.activities.AlbumsActivity.onCreate.<no name provided> declared in com.example.mycarapp.activities.AlbumsActivity.onCreate.<no name provided>.invokeSuspend' type=com.example.mycarapp.activities.AlbumsActivity.onCreate.<no name provided> origin=null
                    bootstrapMethodHandle: CALL 'public final fun <jvm-method-handle> (tag: kotlin.Int, owner: kotlin.String, name: kotlin.String, descriptor: kotlin.String, isInterface: kotlin.Boolean): kotlin.Any declared in kotlin.jvm.internal' type=kotlin.Any origin=null
                      tag: CONST Int type=kotlin.Int value=6
                      owner: CONST String type=kotlin.String value="java/lang/invoke/LambdaMetafactory"
                      name: CONST String type=kotlin.String value="metafactory"
                      descriptor: CONST String type=kotlin.String value="(Ljava/lang/invoke/MethodHandles$Lookup;Ljava/lang/String;Ljava/lang/invoke/MethodType;Ljava/lang/invoke/MethodType;Ljava/lang/invoke/MethodHandle;Ljava/lang/invoke/MethodType;)Ljava/lang/invoke/CallSite;"
                      isInterface: CONST Boolean type=kotlin.Boolean value=false
                    bootstrapMethodArguments: VARARG type=kotlin.Array<kotlin.Any> varargElementType=kotlin.Any
                      CALL 'public final fun <jvm-original-method-type> (method: kotlin.Any): kotlin.Any declared in kotlin.jvm.internal' type=kotlin.Any origin=null
                        method: RAW_FUNCTION_REFERENCE 'public abstract fun intercept (chain: okhttp3.Interceptor.Chain): okhttp3.Response declared in okhttp3.Interceptor' type=kotlin.Any
                      RAW_FUNCTION_REFERENCE 'private final fun invokeSuspend$lambda$0 ($authToken: kotlin.String?, chain: okhttp3.Interceptor.Chain): okhttp3.Response declared in com.example.mycarapp.activities.AlbumsActivity.onCreate.<no name provided>' type=kotlin.Any
                      CALL 'public final fun <jvm-original-method-type> (method: kotlin.Any): kotlin.Any declared in kotlin.jvm.internal' type=kotlin.Any origin=null
                        method: RAW_FUNCTION_REFERENCE 'public abstract fun intercept (chain: okhttp3.Interceptor.Chain): okhttp3.Response [fake_override] declared in kotlin.jvm.internal.invokeDynamic.<fake>' type=kotlin.Any
              VAR name:logging type:okhttp3.logging.HttpLoggingInterceptor [val]
                CALL 'public final fun apply <T> (block: @[ExtensionFunctionType] kotlin.Function1<T of kotlin.StandardKt.apply, kotlin.Unit>): T of kotlin.StandardKt.apply [inline] declared in kotlin.StandardKt' type=okhttp3.logging.HttpLoggingInterceptor origin=null
                  <T>: okhttp3.logging.HttpLoggingInterceptor
                  $receiver: CONSTRUCTOR_CALL 'public constructor <init> (logger: okhttp3.logging.HttpLoggingInterceptor.Logger?, $mask0: kotlin.Int, $marker: kotlin.jvm.internal.DefaultConstructorMarker?) declared in okhttp3.logging.HttpLoggingInterceptor' type=okhttp3.logging.HttpLoggingInterceptor origin=DEFAULT_DISPATCH_CALL
                    logger: COMPOSITE type=okhttp3.logging.HttpLoggingInterceptor.Logger? origin=DEFAULT_VALUE
                      CONST Null type=okhttp3.logging.HttpLoggingInterceptor.Logger? value=null
                    $mask0: CONST Int type=kotlin.Int value=1
                    $marker: CONST Null type=kotlin.jvm.internal.DefaultConstructorMarker? value=null
                  block: BLOCK type=@[ExtensionFunctionType] kotlin.Function1<okhttp3.logging.HttpLoggingInterceptor, kotlin.Unit> origin=LAMBDA
                    COMPOSITE type=kotlin.Unit origin=null
                    FUNCTION_REFERENCE 'private final fun invokeSuspend$lambda$1 (): kotlin.Unit declared in com.example.mycarapp.activities.AlbumsActivity.onCreate.<no name provided>' type=@[ExtensionFunctionType] kotlin.Function1<okhttp3.logging.HttpLoggingInterceptor, kotlin.Unit> origin=INLINE_LAMBDA reflectionTarget=null
              VAR name:client type:okhttp3.OkHttpClient [val]
                CALL 'public final fun build (): okhttp3.OkHttpClient declared in okhttp3.OkHttpClient.Builder' type=okhttp3.OkHttpClient origin=null
                  $this: CALL 'public final fun addInterceptor (interceptor: okhttp3.Interceptor): okhttp3.OkHttpClient.Builder declared in okhttp3.OkHttpClient.Builder' type=okhttp3.OkHttpClient.Builder origin=null
                    $this: CALL 'public final fun addInterceptor (interceptor: okhttp3.Interceptor): okhttp3.OkHttpClient.Builder declared in okhttp3.OkHttpClient.Builder' type=okhttp3.OkHttpClient.Builder origin=null
                      $this: CONSTRUCTOR_CALL 'public constructor <init> () [primary] declared in okhttp3.OkHttpClient.Builder' type=okhttp3.OkHttpClient.Builder origin=null
                      interceptor: GET_VAR 'val logging: okhttp3.logging.HttpLoggingInterceptor [val] declared in com.example.mycarapp.activities.AlbumsActivity.onCreate.<no name provided>.invokeSuspend' type=okhttp3.logging.HttpLoggingInterceptor origin=null
                    interceptor: GET_VAR 'val authInterceptor: okhttp3.Interceptor [val] declared in com.example.mycarapp.activities.AlbumsActivity.onCreate.<no name provided>.invokeSuspend' type=okhttp3.Interceptor origin=null
              VAR name:retrofit type:@[FlexibleNullability] retrofit2.Retrofit? [val]
                CALL 'public open fun build (): @[FlexibleNullability] retrofit2.Retrofit? declared in retrofit2.Retrofit.Builder' type=@[FlexibleNullability] retrofit2.Retrofit? origin=null
                  $this: CALL 'public open fun addConverterFactory (p0: @[FlexibleNullability] retrofit2.Converter.Factory?): @[FlexibleNullability] retrofit2.Retrofit.Builder? declared in retrofit2.Retrofit.Builder' type=@[FlexibleNullability] retrofit2.Retrofit.Builder? origin=null
                    $this: CALL 'public open fun client (p0: @[FlexibleNullability] okhttp3.OkHttpClient?): @[FlexibleNullability] retrofit2.Retrofit.Builder? declared in retrofit2.Retrofit.Builder' type=@[FlexibleNullability] retrofit2.Retrofit.Builder? origin=null
                      $this: CALL 'public open fun baseUrl (p0: @[FlexibleNullability] kotlin.String?): @[FlexibleNullability] retrofit2.Retrofit.Builder? declared in retrofit2.Retrofit.Builder' type=@[FlexibleNullability] retrofit2.Retrofit.Builder? origin=null
                        $this: CONSTRUCTOR_CALL 'public constructor <init> () declared in retrofit2.Retrofit.Builder' type=retrofit2.Retrofit.Builder origin=null
                        p0: STRING_CONCATENATION type=kotlin.String
                          GET_FIELD 'FIELD FIELD_FOR_CAPTURED_VALUE name:$serverUrl type:kotlin.String? visibility:public/*package*/ [final] declared in com.example.mycarapp.activities.AlbumsActivity.onCreate.<no name provided>' type=kotlin.String? origin=null
                            receiver: GET_VAR '<this>: com.example.mycarapp.activities.AlbumsActivity.onCreate.<no name provided> declared in com.example.mycarapp.activities.AlbumsActivity.onCreate.<no name provided>.invokeSuspend' type=com.example.mycarapp.activities.AlbumsActivity.onCreate.<no name provided> origin=null
                          CONST String type=kotlin.String value="/"
                      p0: GET_VAR 'val client: okhttp3.OkHttpClient [val] declared in com.example.mycarapp.activities.AlbumsActivity.onCreate.<no name provided>.invokeSuspend' type=okhttp3.OkHttpClient origin=null
                    p0: CALL 'public open fun create (): @[FlexibleNullability] retrofit2.converter.gson.GsonConverterFactory? declared in retrofit2.converter.gson.GsonConverterFactory' type=@[FlexibleNullability] retrofit2.converter.gson.GsonConverterFactory? origin=null
              VAR name:apiService type:@[FlexibleNullability] com.example.mycarapp.controller.ApiService? [val]
                CALL 'public open fun create <T> (p0: @[FlexibleNullability] java.lang.Class<@[FlexibleNullability] T of retrofit2.Retrofit.create?>?): @[FlexibleNullability] T of retrofit2.Retrofit.create? declared in retrofit2.Retrofit' type=@[FlexibleNullability] com.example.mycarapp.controller.ApiService? origin=null
                  <T>: @[FlexibleNullability] com.example.mycarapp.controller.ApiService?
                  $this: GET_VAR 'val retrofit: @[FlexibleNullability] retrofit2.Retrofit? [val] declared in com.example.mycarapp.activities.AlbumsActivity.onCreate.<no name provided>.invokeSuspend' type=@[FlexibleNullability] retrofit2.Retrofit? origin=null
                  p0: CALL 'public final fun <get-java> <T> (): java.lang.Class<T of kotlin.jvm.JvmClassMappingKt.<get-java>> declared in kotlin.jvm.JvmClassMappingKt' type=java.lang.Class<com.example.mycarapp.controller.ApiService> origin=GET_PROPERTY
                    <T>: com.example.mycarapp.controller.ApiService
                    $receiver: CLASS_REFERENCE 'CLASS INTERFACE name:ApiService modality:ABSTRACT visibility:public superTypes:[kotlin.Any]' type=kotlin.reflect.KClass<com.example.mycarapp.controller.ApiService>
              COMPOSITE type=kotlin.Unit origin=null
                TRY type=kotlin.Int
                  try: BLOCK type=kotlin.Int origin=null
                    VAR name:response type:retrofit2.Response<kotlin.collections.List<com.example.piciplayer.dto.Album>> [val]
                      CALL 'public final fun withContext <T> (context: kotlin.coroutines.CoroutineContext, block: @[ExtensionFunctionType] kotlin.coroutines.SuspendFunction1<kotlinx.coroutines.CoroutineScope, T of kotlinx.coroutines.BuildersKt.withContext>, $completion: kotlin.coroutines.Continuation<T of kotlinx.coroutines.BuildersKt.withContext>): kotlin.Any? [suspend] declared in kotlinx.coroutines.BuildersKt' type=retrofit2.Response<kotlin.collections.List<com.example.piciplayer.dto.Album>> origin=null
                        <T>: retrofit2.Response<kotlin.collections.List<com.example.piciplayer.dto.Album>>
                        context: CALL 'public final fun <get-IO> (): kotlinx.coroutines.CoroutineDispatcher declared in kotlinx.coroutines.Dispatchers' type=kotlinx.coroutines.CoroutineDispatcher origin=GET_PROPERTY
                        block: BLOCK type=com.example.mycarapp.activities.AlbumsActivity.onCreate.<no name provided>.invokeSuspend.<no name provided> origin=null
                          CLASS SUSPEND_LAMBDA CLASS name:<no name provided> modality:FINAL visibility:public/*package*/ superTypes:[kotlin.coroutines.jvm.internal.SuspendLambda; kotlin.jvm.functions.Function2<kotlinx.coroutines.CoroutineScope, kotlin.coroutines.Continuation<retrofit2.Response<kotlin.collections.List<com.example.piciplayer.dto.Album>>>?, kotlin.Any?>]
                            $this: VALUE_PARAMETER INSTANCE_RECEIVER name:<this> type:com.example.mycarapp.activities.AlbumsActivity.onCreate.<no name provided>.invokeSuspend.<no name provided>
                            FIELD name:label type:kotlin.Int visibility:public/*package*/
                            CONSTRUCTOR SUSPEND_LAMBDA visibility:public/*package*/ <> ($apiService:@[FlexibleNullability] com.example.mycarapp.controller.ApiService?, $completion:kotlin.coroutines.Continuation<com.example.mycarapp.activities.AlbumsActivity.onCreate.<no name provided>.invokeSuspend.<no name provided>>?) returnType:com.example.mycarapp.activities.AlbumsActivity.onCreate.<no name provided>.invokeSuspend.<no name provided> [primary]
                              VALUE_PARAMETER BOUND_VALUE_PARAMETER name:$apiService index:0 type:@[FlexibleNullability] com.example.mycarapp.controller.ApiService?
                              VALUE_PARAMETER name:$completion index:1 type:kotlin.coroutines.Continuation<com.example.mycarapp.activities.AlbumsActivity.onCreate.<no name provided>.invokeSuspend.<no name provided>>?
                              BLOCK_BODY
                                SET_FIELD 'FIELD FIELD_FOR_CAPTURED_VALUE name:$apiService type:@[FlexibleNullability] com.example.mycarapp.controller.ApiService? visibility:public/*package*/ [final] declared in com.example.mycarapp.activities.AlbumsActivity.onCreate.<no name provided>.invokeSuspend.<no name provided>' type=kotlin.Unit origin=INITIALIZER_OF_FIELD_FOR_CAPTURED_VALUE
                                  receiver: GET_VAR '<this>: com.example.mycarapp.activities.AlbumsActivity.onCreate.<no name provided>.invokeSuspend.<no name provided> declared in com.example.mycarapp.activities.AlbumsActivity.onCreate.<no name provided>.invokeSuspend.<no name provided>' type=com.example.mycarapp.activities.AlbumsActivity.onCreate.<no name provided>.invokeSuspend.<no name provided> origin=null
                                  value: GET_VAR '$apiService: @[FlexibleNullability] com.example.mycarapp.controller.ApiService? declared in com.example.mycarapp.activities.AlbumsActivity.onCreate.<no name provided>.invokeSuspend.<no name provided>.<init>' type=@[FlexibleNullability] com.example.mycarapp.controller.ApiService? origin=null
                                DELEGATING_CONSTRUCTOR_CALL 'public constructor <init> (arity: kotlin.Int, $completion: kotlin.coroutines.Continuation<kotlin.Any?>?) declared in kotlin.coroutines.jvm.internal.SuspendLambda'
                                  arity: CONST Int type=kotlin.Int value=2
                                  $completion: GET_VAR '$completion: kotlin.coroutines.Continuation<com.example.mycarapp.activities.AlbumsActivity.onCreate.<no name provided>.invokeSuspend.<no name provided>>? declared in com.example.mycarapp.activities.AlbumsActivity.onCreate.<no name provided>.invokeSuspend.<no name provided>.<init>' type=kotlin.coroutines.Continuation<com.example.mycarapp.activities.AlbumsActivity.onCreate.<no name provided>.invokeSuspend.<no name provided>>? origin=null
                                BLOCK type=kotlin.Unit origin=null
                            FUN name:invokeSuspend visibility:public modality:FINAL <> ($this:com.example.mycarapp.activities.AlbumsActivity.onCreate.<no name provided>.invokeSuspend.<no name provided>, $result:kotlin.Result<kotlin.Any?>) returnType:kotlin.Any?
                              overridden:
                                protected abstract fun invokeSuspend ($result: kotlin.Result<kotlin.Any?>): kotlin.Any? declared in kotlin.coroutines.jvm.internal.SuspendLambda
                              $this: VALUE_PARAMETER INSTANCE_RECEIVER name:<this> type:com.example.mycarapp.activities.AlbumsActivity.onCreate.<no name provided>.invokeSuspend.<no name provided>
                              VALUE_PARAMETER name:$result index:0 type:kotlin.Result<kotlin.Any?>
                              BLOCK_BODY
                                RETURN type=kotlin.Nothing from='public final fun invokeSuspend ($result: kotlin.Result<kotlin.Any?>): kotlin.Any? declared in com.example.mycarapp.activities.AlbumsActivity.onCreate.<no name provided>.invokeSuspend.<no name provided>'
                                  CALL 'public abstract fun getAlbums ($completion: kotlin.coroutines.Continuation<retrofit2.Response<kotlin.collections.List<com.example.piciplayer.dto.Album>>>): kotlin.Any? [suspend] declared in com.example.mycarapp.controller.ApiService' type=retrofit2.Response<kotlin.collections.List<com.example.piciplayer.dto.Album>> origin=null
                                    $this: GET_FIELD 'FIELD FIELD_FOR_CAPTURED_VALUE name:$apiService type:@[FlexibleNullability] com.example.mycarapp.controller.ApiService? visibility:public/*package*/ [final] declared in com.example.mycarapp.activities.AlbumsActivity.onCreate.<no name provided>.invokeSuspend.<no name provided>' type=@[FlexibleNullability] com.example.mycarapp.controller.ApiService? origin=null
                                      receiver: GET_VAR '<this>: com.example.mycarapp.activities.AlbumsActivity.onCreate.<no name provided>.invokeSuspend.<no name provided> declared in com.example.mycarapp.activities.AlbumsActivity.onCreate.<no name provided>.invokeSuspend.<no name provided>.invokeSuspend' type=com.example.mycarapp.activities.AlbumsActivity.onCreate.<no name provided>.invokeSuspend.<no name provided> origin=null
                                    $completion: GET_VAR '<this>: com.example.mycarapp.activities.AlbumsActivity.onCreate.<no name provided>.invokeSuspend.<no name provided> declared in com.example.mycarapp.activities.AlbumsActivity.onCreate.<no name provided>.invokeSuspend.<no name provided>.invokeSuspend' type=com.example.mycarapp.activities.AlbumsActivity.onCreate.<no name provided>.invokeSuspend.<no name provided> origin=null
                            FUN name:create visibility:public modality:FINAL <> ($this:com.example.mycarapp.activities.AlbumsActivity.onCreate.<no name provided>.invokeSuspend.<no name provided>, value:kotlin.Any?, $completion:kotlin.coroutines.Continuation<kotlin.Nothing>) returnType:kotlin.coroutines.Continuation<kotlin.Unit>
                              overridden:
                                public open fun create (value: kotlin.Any?, $completion: kotlin.coroutines.Continuation<kotlin.Nothing>): kotlin.coroutines.Continuation<kotlin.Unit> declared in kotlin.coroutines.jvm.internal.SuspendLambda
                              $this: VALUE_PARAMETER INSTANCE_RECEIVER name:<this> type:com.example.mycarapp.activities.AlbumsActivity.onCreate.<no name provided>.invokeSuspend.<no name provided>
                              VALUE_PARAMETER name:value index:0 type:kotlin.Any?
                              VALUE_PARAMETER name:$completion index:1 type:kotlin.coroutines.Continuation<kotlin.Nothing>
                              BLOCK_BODY
                                RETURN type=kotlin.Nothing from='public final fun create (value: kotlin.Any?, $completion: kotlin.coroutines.Continuation<kotlin.Nothing>): kotlin.coroutines.Continuation<kotlin.Unit> declared in com.example.mycarapp.activities.AlbumsActivity.onCreate.<no name provided>.invokeSuspend.<no name provided>'
                                  CONSTRUCTOR_CALL 'public/*package*/ constructor <init> ($apiService: @[FlexibleNullability] com.example.mycarapp.controller.ApiService?, $completion: kotlin.coroutines.Continuation<com.example.mycarapp.activities.AlbumsActivity.onCreate.<no name provided>.invokeSuspend.<no name provided>>?) [primary] declared in com.example.mycarapp.activities.AlbumsActivity.onCreate.<no name provided>.invokeSuspend.<no name provided>' type=com.example.mycarapp.activities.AlbumsActivity.onCreate.<no name provided>.invokeSuspend.<no name provided> origin=null
                                    $apiService: GET_FIELD 'FIELD FIELD_FOR_CAPTURED_VALUE name:$apiService type:@[FlexibleNullability] com.example.mycarapp.controller.ApiService? visibility:public/*package*/ [final] declared in com.example.mycarapp.activities.AlbumsActivity.onCreate.<no name provided>.invokeSuspend.<no name provided>' type=@[FlexibleNullability] com.example.mycarapp.controller.ApiService? origin=null
                                      receiver: GET_VAR '<this>: com.example.mycarapp.activities.AlbumsActivity.onCreate.<no name provided>.invokeSuspend.<no name provided> declared in com.example.mycarapp.activities.AlbumsActivity.onCreate.<no name provided>.invokeSuspend.<no name provided>.create' type=com.example.mycarapp.activities.AlbumsActivity.onCreate.<no name provided>.invokeSuspend.<no name provided> origin=null
                                    $completion: GET_VAR '$completion: kotlin.coroutines.Continuation<kotlin.Nothing> declared in com.example.mycarapp.activities.AlbumsActivity.onCreate.<no name provided>.invokeSuspend.<no name provided>.create' type=kotlin.coroutines.Continuation<kotlin.Nothing> origin=null
                            FUN name:invoke visibility:public modality:FINAL <> ($this:com.example.mycarapp.activities.AlbumsActivity.onCreate.<no name provided>.invokeSuspend.<no name provided>, p1:kotlinx.coroutines.CoroutineScope, p2:kotlin.coroutines.Continuation<retrofit2.Response<kotlin.collections.List<com.example.piciplayer.dto.Album>>>?) returnType:kotlin.Any?
                              overridden:
                                public abstract fun invoke (p1: P1 of kotlin.jvm.functions.Function2, p2: P2 of kotlin.jvm.functions.Function2): R of kotlin.jvm.functions.Function2 declared in kotlin.jvm.functions.Function2
                              $this: VALUE_PARAMETER INSTANCE_RECEIVER name:<this> type:com.example.mycarapp.activities.AlbumsActivity.onCreate.<no name provided>.invokeSuspend.<no name provided>
                              VALUE_PARAMETER name:p1 index:0 type:kotlinx.coroutines.CoroutineScope
                              VALUE_PARAMETER name:p2 index:1 type:kotlin.coroutines.Continuation<retrofit2.Response<kotlin.collections.List<com.example.piciplayer.dto.Album>>>?
                              BLOCK_BODY
                                RETURN type=kotlin.Nothing from='public final fun invoke (p1: kotlinx.coroutines.CoroutineScope, p2: kotlin.coroutines.Continuation<retrofit2.Response<kotlin.collections.List<com.example.piciplayer.dto.Album>>>?): kotlin.Any? declared in com.example.mycarapp.activities.AlbumsActivity.onCreate.<no name provided>.invokeSuspend.<no name provided>'
                                  CALL 'public final fun invokeSuspend ($result: kotlin.Result<kotlin.Any?>): kotlin.Any? declared in com.example.mycarapp.activities.AlbumsActivity.onCreate.<no name provided>.invokeSuspend.<no name provided>' type=kotlin.Any? origin=null
                                    $this: TYPE_OP type=com.example.mycarapp.activities.AlbumsActivity.onCreate.<no name provided>.invokeSuspend.<no name provided> origin=IMPLICIT_CAST typeOperand=com.example.mycarapp.activities.AlbumsActivity.onCreate.<no name provided>.invokeSuspend.<no name provided>
                                      CALL 'public final fun create (value: kotlin.Any?, $completion: kotlin.coroutines.Continuation<kotlin.Nothing>): kotlin.coroutines.Continuation<kotlin.Unit> declared in com.example.mycarapp.activities.AlbumsActivity.onCreate.<no name provided>.invokeSuspend.<no name provided>' type=kotlin.coroutines.Continuation<kotlin.Unit> origin=null
                                        $this: GET_VAR '<this>: com.example.mycarapp.activities.AlbumsActivity.onCreate.<no name provided>.invokeSuspend.<no name provided> declared in com.example.mycarapp.activities.AlbumsActivity.onCreate.<no name provided>.invokeSuspend.<no name provided>.invoke' type=com.example.mycarapp.activities.AlbumsActivity.onCreate.<no name provided>.invokeSuspend.<no name provided> origin=null
                                        value: GET_VAR 'p1: kotlinx.coroutines.CoroutineScope declared in com.example.mycarapp.activities.AlbumsActivity.onCreate.<no name provided>.invokeSuspend.<no name provided>.invoke' type=kotlinx.coroutines.CoroutineScope origin=null
                                        $completion: GET_VAR 'p2: kotlin.coroutines.Continuation<retrofit2.Response<kotlin.collections.List<com.example.piciplayer.dto.Album>>>? declared in com.example.mycarapp.activities.AlbumsActivity.onCreate.<no name provided>.invokeSuspend.<no name provided>.invoke' type=kotlin.coroutines.Continuation<retrofit2.Response<kotlin.collections.List<com.example.piciplayer.dto.Album>>>? origin=null
                                    $result: CALL 'public final fun <unsafe-coerce> <T, R> (v: T of kotlin.jvm.internal.<unsafe-coerce>): R of kotlin.jvm.internal.<unsafe-coerce> declared in kotlin.jvm.internal' type=kotlin.Result<kotlin.Any?> origin=null
                                      <T>: kotlin.Any?
                                      <R>: kotlin.Result<kotlin.Any?>
                                      v: GET_FIELD 'FIELD FIELD_FOR_OBJECT_INSTANCE name:INSTANCE type:kotlin.Unit visibility:public [final,static] declared in kotlin.Unit' type=kotlin.Unit origin=null
                            FIELD FIELD_FOR_CAPTURED_VALUE name:$apiService type:@[FlexibleNullability] com.example.mycarapp.controller.ApiService? visibility:public/*package*/ [final]
                            FUN BRIDGE name:invoke visibility:public modality:OPEN <> ($this:com.example.mycarapp.activities.AlbumsActivity.onCreate.<no name provided>.invokeSuspend.<no name provided>, p1:kotlin.Any?, p2:kotlin.Any?) returnType:kotlin.Any?
                              $this: VALUE_PARAMETER INSTANCE_RECEIVER name:<this> type:com.example.mycarapp.activities.AlbumsActivity.onCreate.<no name provided>.invokeSuspend.<no name provided>
                              VALUE_PARAMETER BRIDGE name:p1 index:0 type:kotlin.Any?
                              VALUE_PARAMETER BRIDGE name:p2 index:1 type:kotlin.Any?
                              EXPRESSION_BODY
                                RETURN type=kotlin.Nothing from='public open fun invoke (p1: kotlin.Any?, p2: kotlin.Any?): kotlin.Any? declared in com.example.mycarapp.activities.AlbumsActivity.onCreate.<no name provided>.invokeSuspend.<no name provided>'
                                  CALL 'public final fun invoke (p1: kotlinx.coroutines.CoroutineScope, p2: kotlin.coroutines.Continuation<retrofit2.Response<kotlin.collections.List<com.example.piciplayer.dto.Album>>>?): kotlin.Any? declared in com.example.mycarapp.activities.AlbumsActivity.onCreate.<no name provided>.invokeSuspend.<no name provided>' type=kotlin.Any? origin=BRIDGE_DELEGATION
                                    $this: GET_VAR '<this>: com.example.mycarapp.activities.AlbumsActivity.onCreate.<no name provided>.invokeSuspend.<no name provided> declared in com.example.mycarapp.activities.AlbumsActivity.onCreate.<no name provided>.invokeSuspend.<no name provided>.invoke' type=com.example.mycarapp.activities.AlbumsActivity.onCreate.<no name provided>.invokeSuspend.<no name provided> origin=null
                                    p1: TYPE_OP type=kotlinx.coroutines.CoroutineScope origin=IMPLICIT_CAST typeOperand=kotlinx.coroutines.CoroutineScope
                                      GET_VAR 'p1: kotlin.Any? declared in com.example.mycarapp.activities.AlbumsActivity.onCreate.<no name provided>.invokeSuspend.<no name provided>.invoke' type=kotlin.Any? origin=null
                                    p2: TYPE_OP type=kotlin.coroutines.Continuation<*> origin=IMPLICIT_CAST typeOperand=kotlin.coroutines.Continuation<*>
                                      GET_VAR 'p2: kotlin.Any? declared in com.example.mycarapp.activities.AlbumsActivity.onCreate.<no name provided>.invokeSuspend.<no name provided>.invoke' type=kotlin.Any? origin=null
                          CONSTRUCTOR_CALL 'public/*package*/ constructor <init> ($apiService: @[FlexibleNullability] com.example.mycarapp.controller.ApiService?, $completion: kotlin.coroutines.Continuation<com.example.mycarapp.activities.AlbumsActivity.onCreate.<no name provided>.invokeSuspend.<no name provided>>?) [primary] declared in com.example.mycarapp.activities.AlbumsActivity.onCreate.<no name provided>.invokeSuspend.<no name provided>' type=com.example.mycarapp.activities.AlbumsActivity.onCreate.<no name provided>.invokeSuspend.<no name provided> origin=null
                            $apiService: GET_VAR 'val apiService: @[FlexibleNullability] com.example.mycarapp.controller.ApiService? [val] declared in com.example.mycarapp.activities.AlbumsActivity.onCreate.<no name provided>.invokeSuspend' type=@[FlexibleNullability] com.example.mycarapp.controller.ApiService? origin=null
                            $completion: CONST Null type=kotlin.Nothing? value=null
                        $completion: GET_VAR '<this>: com.example.mycarapp.activities.AlbumsActivity.onCreate.<no name provided> declared in com.example.mycarapp.activities.AlbumsActivity.onCreate.<no name provided>.invokeSuspend' type=com.example.mycarapp.activities.AlbumsActivity.onCreate.<no name provided> origin=null
                    WHEN type=kotlin.Int origin=IF
                      BRANCH
                        if: CALL 'public final fun ANDAND (arg0: kotlin.Boolean, arg1: kotlin.Boolean): kotlin.Boolean declared in kotlin.internal.ir' type=kotlin.Boolean origin=null
                          arg0: CALL 'public open fun isSuccessful (): kotlin.Boolean declared in retrofit2.Response' type=kotlin.Boolean origin=GET_PROPERTY
                            $this: GET_VAR 'val response: retrofit2.Response<kotlin.collections.List<com.example.piciplayer.dto.Album>> [val] declared in com.example.mycarapp.activities.AlbumsActivity.onCreate.<no name provided>.invokeSuspend' type=retrofit2.Response<kotlin.collections.List<com.example.piciplayer.dto.Album>> origin=null
                          arg1: CALL 'public final fun not (): kotlin.Boolean [operator] declared in kotlin.Boolean' type=kotlin.Boolean origin=EXCLEQ
                            $this: CALL 'public final fun EQEQ (arg0: kotlin.Any?, arg1: kotlin.Any?): kotlin.Boolean declared in kotlin.internal.ir' type=kotlin.Boolean origin=EXCLEQ
                              arg0: CALL 'public open fun body (): @[EnhancedNullability] T of retrofit2.Response? declared in retrofit2.Response' type=@[EnhancedNullability] kotlin.collections.List<com.example.piciplayer.dto.Album>? origin=null
                                $this: GET_VAR 'val response: retrofit2.Response<kotlin.collections.List<com.example.piciplayer.dto.Album>> [val] declared in com.example.mycarapp.activities.AlbumsActivity.onCreate.<no name provided>.invokeSuspend' type=retrofit2.Response<kotlin.collections.List<com.example.piciplayer.dto.Album>> origin=null
                              arg1: CONST Null type=kotlin.Nothing? value=null
                        then: BLOCK type=kotlin.Int origin=null
                          VAR name:albums type:kotlin.collections.List<com.example.piciplayer.dto.Album> [val]
                            CALL 'public final fun CHECK_NOT_NULL <T0> (arg0: T0 of kotlin.internal.ir.CHECK_NOT_NULL?): {T0 of kotlin.internal.ir.CHECK_NOT_NULL & Any} declared in kotlin.internal.ir' type=kotlin.collections.List<com.example.piciplayer.dto.Album> origin=EXCLEXCL
                              <T0>: @[EnhancedNullability] kotlin.collections.List<com.example.piciplayer.dto.Album>
                              arg0: CALL 'public open fun body (): @[EnhancedNullability] T of retrofit2.Response? declared in retrofit2.Response' type=@[EnhancedNullability] kotlin.collections.List<com.example.piciplayer.dto.Album>? origin=null
                                $this: GET_VAR 'val response: retrofit2.Response<kotlin.collections.List<com.example.piciplayer.dto.Album>> [val] declared in com.example.mycarapp.activities.AlbumsActivity.onCreate.<no name provided>.invokeSuspend' type=retrofit2.Response<kotlin.collections.List<com.example.piciplayer.dto.Album>> origin=null
                          CALL 'public final fun access$onCreate$lambda$2 ($albumsList$delegate: androidx.compose.runtime.MutableState<kotlin.collections.List<com.example.piciplayer.dto.Album>>, <set-?>: kotlin.collections.List<com.example.piciplayer.dto.Album>): kotlin.Unit declared in com.example.mycarapp.activities.AlbumsActivity' type=kotlin.Unit origin=EQ
                            $albumsList$delegate: GET_FIELD 'FIELD FIELD_FOR_CAPTURED_VALUE name:$albumsList$delegate type:androidx.compose.runtime.MutableState<kotlin.collections.List<com.example.piciplayer.dto.Album>> visibility:public/*package*/ [final] declared in com.example.mycarapp.activities.AlbumsActivity.onCreate.<no name provided>' type=androidx.compose.runtime.MutableState<kotlin.collections.List<com.example.piciplayer.dto.Album>> origin=null
                              receiver: GET_VAR '<this>: com.example.mycarapp.activities.AlbumsActivity.onCreate.<no name provided> declared in com.example.mycarapp.activities.AlbumsActivity.onCreate.<no name provided>.invokeSuspend' type=com.example.mycarapp.activities.AlbumsActivity.onCreate.<no name provided> origin=null
                            <set-?>: CALL 'public final fun sortedByDescending <T, R> (selector: kotlin.Function1<T of kotlin.collections.CollectionsKt.sortedByDescending, R of kotlin.collections.CollectionsKt.sortedByDescending?>): kotlin.collections.List<T of kotlin.collections.CollectionsKt.sortedByDescending> [inline] declared in kotlin.collections.CollectionsKt' type=kotlin.collections.List<com.example.piciplayer.dto.Album> origin=null
                              <T>: com.example.piciplayer.dto.Album
                              <R>: kotlin.String
                              $receiver: GET_VAR 'val albums: kotlin.collections.List<com.example.piciplayer.dto.Album> [val] declared in com.example.mycarapp.activities.AlbumsActivity.onCreate.<no name provided>.invokeSuspend' type=kotlin.collections.List<com.example.piciplayer.dto.Album> origin=null
                              selector: BLOCK type=kotlin.Function1<com.example.piciplayer.dto.Album, kotlin.String?> origin=LAMBDA
                                COMPOSITE type=kotlin.Unit origin=null
                                FUNCTION_REFERENCE 'private final fun invokeSuspend$lambda$2 (it: com.example.piciplayer.dto.Album): kotlin.String? declared in com.example.mycarapp.activities.AlbumsActivity.onCreate.<no name provided>' type=kotlin.Function1<com.example.piciplayer.dto.Album, kotlin.String?> origin=INLINE_LAMBDA reflectionTarget=null
                          CALL 'public final fun access$onCreate$lambda$5 ($statusText$delegate: androidx.compose.runtime.MutableState<kotlin.String>, <set-?>: kotlin.String): kotlin.Unit declared in com.example.mycarapp.activities.AlbumsActivity' type=kotlin.Unit origin=EQ
                            $statusText$delegate: GET_FIELD 'FIELD FIELD_FOR_CAPTURED_VALUE name:$statusText$delegate type:androidx.compose.runtime.MutableState<kotlin.String> visibility:public/*package*/ [final] declared in com.example.mycarapp.activities.AlbumsActivity.onCreate.<no name provided>' type=androidx.compose.runtime.MutableState<kotlin.String> origin=null
                              receiver: GET_VAR '<this>: com.example.mycarapp.activities.AlbumsActivity.onCreate.<no name provided> declared in com.example.mycarapp.activities.AlbumsActivity.onCreate.<no name provided>.invokeSuspend' type=com.example.mycarapp.activities.AlbumsActivity.onCreate.<no name provided> origin=null
                            <set-?>: STRING_CONCATENATION type=kotlin.String
                              CONST String type=kotlin.String value="Pobrano "
                              CALL 'public abstract fun <get-size> (): kotlin.Int declared in kotlin.collections.List' type=kotlin.Int origin=GET_PROPERTY
                                $this: CALL 'public final fun access$onCreate$lambda$1 ($albumsList$delegate: androidx.compose.runtime.MutableState<kotlin.collections.List<com.example.piciplayer.dto.Album>>): kotlin.collections.List<com.example.piciplayer.dto.Album> declared in com.example.mycarapp.activities.AlbumsActivity' type=kotlin.collections.List<com.example.piciplayer.dto.Album> origin=GET_LOCAL_PROPERTY
                                  $albumsList$delegate: GET_FIELD 'FIELD FIELD_FOR_CAPTURED_VALUE name:$albumsList$delegate type:androidx.compose.runtime.MutableState<kotlin.collections.List<com.example.piciplayer.dto.Album>> visibility:public/*package*/ [final] declared in com.example.mycarapp.activities.AlbumsActivity.onCreate.<no name provided>' type=androidx.compose.runtime.MutableState<kotlin.collections.List<com.example.piciplayer.dto.Album>> origin=null
                                    receiver: GET_VAR '<this>: com.example.mycarapp.activities.AlbumsActivity.onCreate.<no name provided> declared in com.example.mycarapp.activities.AlbumsActivity.onCreate.<no name provided>.invokeSuspend' type=com.example.mycarapp.activities.AlbumsActivity.onCreate.<no name provided> origin=null
                              CONST String type=kotlin.String value=" albumw."
                          CALL 'public open fun d (p0: @[EnhancedNullability] kotlin.String?, p1: @[EnhancedNullability] kotlin.String): kotlin.Int declared in android.util.Log' type=kotlin.Int origin=null
                            p0: CONST String type=kotlin.String value="ALBUMS_SCREEN"
                            p1: STRING_CONCATENATION type=kotlin.String
                              CONST String type=kotlin.String value="Znaleziono "
                              CALL 'public abstract fun <get-size> (): kotlin.Int declared in kotlin.collections.List' type=kotlin.Int origin=GET_PROPERTY
                                $this: CALL 'public final fun access$onCreate$lambda$1 ($albumsList$delegate: androidx.compose.runtime.MutableState<kotlin.collections.List<com.example.piciplayer.dto.Album>>): kotlin.collections.List<com.example.piciplayer.dto.Album> declared in com.example.mycarapp.activities.AlbumsActivity' type=kotlin.collections.List<com.example.piciplayer.dto.Album> origin=GET_LOCAL_PROPERTY
                                  $albumsList$delegate: GET_FIELD 'FIELD FIELD_FOR_CAPTURED_VALUE name:$albumsList$delegate type:androidx.compose.runtime.MutableState<kotlin.collections.List<com.example.piciplayer.dto.Album>> visibility:public/*package*/ [final] declared in com.example.mycarapp.activities.AlbumsActivity.onCreate.<no name provided>' type=androidx.compose.runtime.MutableState<kotlin.collections.List<com.example.piciplayer.dto.Album>> origin=null
                                    receiver: GET_VAR '<this>: com.example.mycarapp.activities.AlbumsActivity.onCreate.<no name provided> declared in com.example.mycarapp.activities.AlbumsActivity.onCreate.<no name provided>.invokeSuspend' type=com.example.mycarapp.activities.AlbumsActivity.onCreate.<no name provided> origin=null
                              CONST String type=kotlin.String value=" albumw."
                      BRANCH
                        if: CONST Boolean type=kotlin.Boolean value=true
                        then: BLOCK type=kotlin.Int origin=null
                          CALL 'public final fun access$onCreate$lambda$5 ($statusText$delegate: androidx.compose.runtime.MutableState<kotlin.String>, <set-?>: kotlin.String): kotlin.Unit declared in com.example.mycarapp.activities.AlbumsActivity' type=kotlin.Unit origin=EQ
                            $statusText$delegate: GET_FIELD 'FIELD FIELD_FOR_CAPTURED_VALUE name:$statusText$delegate type:androidx.compose.runtime.MutableState<kotlin.String> visibility:public/*package*/ [final] declared in com.example.mycarapp.activities.AlbumsActivity.onCreate.<no name provided>' type=androidx.compose.runtime.MutableState<kotlin.String> origin=null
                              receiver: GET_VAR '<this>: com.example.mycarapp.activities.AlbumsActivity.onCreate.<no name provided> declared in com.example.mycarapp.activities.AlbumsActivity.onCreate.<no name provided>.invokeSuspend' type=com.example.mycarapp.activities.AlbumsActivity.onCreate.<no name provided> origin=null
                            <set-?>: STRING_CONCATENATION type=kotlin.String
                              CONST String type=kotlin.String value="Bd pobierania albumw: "
                              CALL 'public open fun code (): kotlin.Int declared in retrofit2.Response' type=kotlin.Int origin=null
                                $this: GET_VAR 'val response: retrofit2.Response<kotlin.collections.List<com.example.piciplayer.dto.Album>> [val] declared in com.example.mycarapp.activities.AlbumsActivity.onCreate.<no name provided>.invokeSuspend' type=retrofit2.Response<kotlin.collections.List<com.example.piciplayer.dto.Album>> origin=null
                          CALL 'public open fun e (p0: @[EnhancedNullability] kotlin.String?, p1: @[EnhancedNullability] kotlin.String): kotlin.Int declared in android.util.Log' type=kotlin.Int origin=null
                            p0: CONST String type=kotlin.String value="ALBUMS_SCREEN"
                            p1: STRING_CONCATENATION type=kotlin.String
                              CONST String type=kotlin.String value="Bd pobierania albumw: "
                              CALL 'public open fun code (): kotlin.Int declared in retrofit2.Response' type=kotlin.Int origin=null
                                $this: GET_VAR 'val response: retrofit2.Response<kotlin.collections.List<com.example.piciplayer.dto.Album>> [val] declared in com.example.mycarapp.activities.AlbumsActivity.onCreate.<no name provided>.invokeSuspend' type=retrofit2.Response<kotlin.collections.List<com.example.piciplayer.dto.Album>> origin=null
                              CONST String type=kotlin.String value=" - "
                              CALL 'public open fun message (): @[FlexibleNullability] kotlin.String? declared in retrofit2.Response' type=@[FlexibleNullability] kotlin.String? origin=null
                                $this: GET_VAR 'val response: retrofit2.Response<kotlin.collections.List<com.example.piciplayer.dto.Album>> [val] declared in com.example.mycarapp.activities.AlbumsActivity.onCreate.<no name provided>.invokeSuspend' type=retrofit2.Response<kotlin.collections.List<com.example.piciplayer.dto.Album>> origin=null
                  CATCH parameter=val e: java.lang.Exception [val] declared in com.example.mycarapp.activities.AlbumsActivity.onCreate.<no name provided>.invokeSuspend
                    VAR CATCH_PARAMETER name:e type:java.lang.Exception [val]
                    BLOCK type=kotlin.Int origin=null
                      CALL 'public final fun access$onCreate$lambda$5 ($statusText$delegate: androidx.compose.runtime.MutableState<kotlin.String>, <set-?>: kotlin.String): kotlin.Unit declared in com.example.mycarapp.activities.AlbumsActivity' type=kotlin.Unit origin=EQ
                        $statusText$delegate: GET_FIELD 'FIELD FIELD_FOR_CAPTURED_VALUE name:$statusText$delegate type:androidx.compose.runtime.MutableState<kotlin.String> visibility:public/*package*/ [final] declared in com.example.mycarapp.activities.AlbumsActivity.onCreate.<no name provided>' type=androidx.compose.runtime.MutableState<kotlin.String> origin=null
                          receiver: GET_VAR '<this>: com.example.mycarapp.activities.AlbumsActivity.onCreate.<no name provided> declared in com.example.mycarapp.activities.AlbumsActivity.onCreate.<no name provided>.invokeSuspend' type=com.example.mycarapp.activities.AlbumsActivity.onCreate.<no name provided> origin=null
                        <set-?>: CONST String type=kotlin.String value="Wyjtek podczas pobierania albumw."
                      CALL 'public open fun e (p0: @[EnhancedNullability] kotlin.String?, p1: @[EnhancedNullability] kotlin.String?, p2: @[EnhancedNullability] kotlin.Throwable?): kotlin.Int declared in android.util.Log' type=kotlin.Int origin=null
                        p0: CONST String type=kotlin.String value="ALBUMS_SCREEN"
                        p1: CONST String type=kotlin.String value="Wyjtek podczas pobierania albumw"
                        p2: GET_VAR 'val e: java.lang.Exception [val] declared in com.example.mycarapp.activities.AlbumsActivity.onCreate.<no name provided>.invokeSuspend' type=java.lang.Exception origin=null
                  finally: BLOCK type=kotlin.Unit origin=null
                    CALL 'public final fun access$onCreate$lambda$8 ($isLoading$delegate: androidx.compose.runtime.MutableState<kotlin.Boolean>, <set-?>: kotlin.Boolean): kotlin.Unit declared in com.example.mycarapp.activities.AlbumsActivity' type=kotlin.Unit origin=EQ
                      $isLoading$delegate: GET_FIELD 'FIELD FIELD_FOR_CAPTURED_VALUE name:$isLoading$delegate type:androidx.compose.runtime.MutableState<kotlin.Boolean> visibility:public/*package*/ [final] declared in com.example.mycarapp.activities.AlbumsActivity.onCreate.<no name provided>' type=androidx.compose.runtime.MutableState<kotlin.Boolean> origin=null
                        receiver: GET_VAR '<this>: com.example.mycarapp.activities.AlbumsActivity.onCreate.<no name provided> declared in com.example.mycarapp.activities.AlbumsActivity.onCreate.<no name provided>.invokeSuspend' type=com.example.mycarapp.activities.AlbumsActivity.onCreate.<no name provided> origin=null
                      <set-?>: CONST Boolean type=kotlin.Boolean value=false
                COMPOSITE type=kotlin.Unit origin=null
          FUN name:create visibility:public modality:FINAL <> ($this:com.example.mycarapp.activities.AlbumsActivity.onCreate.<no name provided>, value:kotlin.Any?, $completion:kotlin.coroutines.Continuation<kotlin.Nothing>) returnType:kotlin.coroutines.Continuation<kotlin.Unit>
            overridden:
              public open fun create (value: kotlin.Any?, $completion: kotlin.coroutines.Continuation<kotlin.Nothing>): kotlin.coroutines.Continuation<kotlin.Unit> declared in kotlin.coroutines.jvm.internal.SuspendLambda
            $this: VALUE_PARAMETER INSTANCE_RECEIVER name:<this> type:com.example.mycarapp.activities.AlbumsActivity.onCreate.<no name provided>
            VALUE_PARAMETER name:value index:0 type:kotlin.Any?
            VALUE_PARAMETER name:$completion index:1 type:kotlin.coroutines.Continuation<kotlin.Nothing>
            BLOCK_BODY
              RETURN type=kotlin.Nothing from='public final fun create (value: kotlin.Any?, $completion: kotlin.coroutines.Continuation<kotlin.Nothing>): kotlin.coroutines.Continuation<kotlin.Unit> declared in com.example.mycarapp.activities.AlbumsActivity.onCreate.<no name provided>'
                CONSTRUCTOR_CALL 'public/*package*/ constructor <init> ($serverUrl: kotlin.String?, $authToken: kotlin.String?, $albumsList$delegate: androidx.compose.runtime.MutableState<kotlin.collections.List<com.example.piciplayer.dto.Album>>, $statusText$delegate: androidx.compose.runtime.MutableState<kotlin.String>, $isLoading$delegate: androidx.compose.runtime.MutableState<kotlin.Boolean>, $completion: kotlin.coroutines.Continuation<com.example.mycarapp.activities.AlbumsActivity.onCreate.<no name provided>>?) [primary] declared in com.example.mycarapp.activities.AlbumsActivity.onCreate.<no name provided>' type=com.example.mycarapp.activities.AlbumsActivity.onCreate.<no name provided> origin=null
                  $serverUrl: GET_FIELD 'FIELD FIELD_FOR_CAPTURED_VALUE name:$serverUrl type:kotlin.String? visibility:public/*package*/ [final] declared in com.example.mycarapp.activities.AlbumsActivity.onCreate.<no name provided>' type=kotlin.String? origin=null
                    receiver: GET_VAR '<this>: com.example.mycarapp.activities.AlbumsActivity.onCreate.<no name provided> declared in com.example.mycarapp.activities.AlbumsActivity.onCreate.<no name provided>.create' type=com.example.mycarapp.activities.AlbumsActivity.onCreate.<no name provided> origin=null
                  $authToken: GET_FIELD 'FIELD FIELD_FOR_CAPTURED_VALUE name:$authToken type:kotlin.String? visibility:public/*package*/ [final] declared in com.example.mycarapp.activities.AlbumsActivity.onCreate.<no name provided>' type=kotlin.String? origin=null
                    receiver: GET_VAR '<this>: com.example.mycarapp.activities.AlbumsActivity.onCreate.<no name provided> declared in com.example.mycarapp.activities.AlbumsActivity.onCreate.<no name provided>.create' type=com.example.mycarapp.activities.AlbumsActivity.onCreate.<no name provided> origin=null
                  $albumsList$delegate: GET_FIELD 'FIELD FIELD_FOR_CAPTURED_VALUE name:$albumsList$delegate type:androidx.compose.runtime.MutableState<kotlin.collections.List<com.example.piciplayer.dto.Album>> visibility:public/*package*/ [final] declared in com.example.mycarapp.activities.AlbumsActivity.onCreate.<no name provided>' type=androidx.compose.runtime.MutableState<kotlin.collections.List<com.example.piciplayer.dto.Album>> origin=null
                    receiver: GET_VAR '<this>: com.example.mycarapp.activities.AlbumsActivity.onCreate.<no name provided> declared in com.example.mycarapp.activities.AlbumsActivity.onCreate.<no name provided>.create' type=com.example.mycarapp.activities.AlbumsActivity.onCreate.<no name provided> origin=null
                  $statusText$delegate: GET_FIELD 'FIELD FIELD_FOR_CAPTURED_VALUE name:$statusText$delegate type:androidx.compose.runtime.MutableState<kotlin.String> visibility:public/*package*/ [final] declared in com.example.mycarapp.activities.AlbumsActivity.onCreate.<no name provided>' type=androidx.compose.runtime.MutableState<kotlin.String> origin=null
                    receiver: GET_VAR '<this>: com.example.mycarapp.activities.AlbumsActivity.onCreate.<no name provided> declared in com.example.mycarapp.activities.AlbumsActivity.onCreate.<no name provided>.create' type=com.example.mycarapp.activities.AlbumsActivity.onCreate.<no name provided> origin=null
                  $isLoading$delegate: GET_FIELD 'FIELD FIELD_FOR_CAPTURED_VALUE name:$isLoading$delegate type:androidx.compose.runtime.MutableState<kotlin.Boolean> visibility:public/*package*/ [final] declared in com.example.mycarapp.activities.AlbumsActivity.onCreate.<no name provided>' type=androidx.compose.runtime.MutableState<kotlin.Boolean> origin=null
                    receiver: GET_VAR '<this>: com.example.mycarapp.activities.AlbumsActivity.onCreate.<no name provided> declared in com.example.mycarapp.activities.AlbumsActivity.onCreate.<no name provided>.create' type=com.example.mycarapp.activities.AlbumsActivity.onCreate.<no name provided> origin=null
                  $completion: GET_VAR '$completion: kotlin.coroutines.Continuation<kotlin.Nothing> declared in com.example.mycarapp.activities.AlbumsActivity.onCreate.<no name provided>.create' type=kotlin.coroutines.Continuation<kotlin.Nothing> origin=null
          FUN name:invoke visibility:public modality:FINAL <> ($this:com.example.mycarapp.activities.AlbumsActivity.onCreate.<no name provided>, p1:kotlinx.coroutines.CoroutineScope, p2:kotlin.coroutines.Continuation<kotlin.Unit>?) returnType:kotlin.Any?
            overridden:
              public abstract fun invoke (p1: P1 of kotlin.jvm.functions.Function2, p2: P2 of kotlin.jvm.functions.Function2): R of kotlin.jvm.functions.Function2 declared in kotlin.jvm.functions.Function2
            $this: VALUE_PARAMETER INSTANCE_RECEIVER name:<this> type:com.example.mycarapp.activities.AlbumsActivity.onCreate.<no name provided>
            VALUE_PARAMETER name:p1 index:0 type:kotlinx.coroutines.CoroutineScope
            VALUE_PARAMETER name:p2 index:1 type:kotlin.coroutines.Continuation<kotlin.Unit>?
            BLOCK_BODY
              RETURN type=kotlin.Nothing from='public final fun invoke (p1: kotlinx.coroutines.CoroutineScope, p2: kotlin.coroutines.Continuation<kotlin.Unit>?): kotlin.Any? declared in com.example.mycarapp.activities.AlbumsActivity.onCreate.<no name provided>'
                CALL 'public final fun invokeSuspend ($result: kotlin.Result<kotlin.Any?>): kotlin.Any? declared in com.example.mycarapp.activities.AlbumsActivity.onCreate.<no name provided>' type=kotlin.Any? origin=null
                  $this: TYPE_OP type=com.example.mycarapp.activities.AlbumsActivity.onCreate.<no name provided> origin=IMPLICIT_CAST typeOperand=com.example.mycarapp.activities.AlbumsActivity.onCreate.<no name provided>
                    CALL 'public final fun create (value: kotlin.Any?, $completion: kotlin.coroutines.Continuation<kotlin.Nothing>): kotlin.coroutines.Continuation<kotlin.Unit> declared in com.example.mycarapp.activities.AlbumsActivity.onCreate.<no name provided>' type=kotlin.coroutines.Continuation<kotlin.Unit> origin=null
                      $this: GET_VAR '<this>: com.example.mycarapp.activities.AlbumsActivity.onCreate.<no name provided> declared in com.example.mycarapp.activities.AlbumsActivity.onCreate.<no name provided>.invoke' type=com.example.mycarapp.activities.AlbumsActivity.onCreate.<no name provided> origin=null
                      value: GET_VAR 'p1: kotlinx.coroutines.CoroutineScope declared in com.example.mycarapp.activities.AlbumsActivity.onCreate.<no name provided>.invoke' type=kotlinx.coroutines.CoroutineScope origin=null
                      $completion: GET_VAR 'p2: kotlin.coroutines.Continuation<kotlin.Unit>? declared in com.example.mycarapp.activities.AlbumsActivity.onCreate.<no name provided>.invoke' type=kotlin.coroutines.Continuation<kotlin.Unit>? origin=null
                  $result: CALL 'public final fun <unsafe-coerce> <T, R> (v: T of kotlin.jvm.internal.<unsafe-coerce>): R of kotlin.jvm.internal.<unsafe-coerce> declared in kotlin.jvm.internal' type=kotlin.Result<kotlin.Any?> origin=null
                    <T>: kotlin.Any?
                    <R>: kotlin.Result<kotlin.Any?>
                    v: GET_FIELD 'FIELD FIELD_FOR_OBJECT_INSTANCE name:INSTANCE type:kotlin.Unit visibility:public [final,static] declared in kotlin.Unit' type=kotlin.Unit origin=null
          FIELD FIELD_FOR_CAPTURED_VALUE name:$serverUrl type:kotlin.String? visibility:public/*package*/ [final]
          FIELD FIELD_FOR_CAPTURED_VALUE name:$authToken type:kotlin.String? visibility:public/*package*/ [final]
          FIELD FIELD_FOR_CAPTURED_VALUE name:$albumsList$delegate type:androidx.compose.runtime.MutableState<kotlin.collections.List<com.example.piciplayer.dto.Album>> visibility:public/*package*/ [final]
          FIELD FIELD_FOR_CAPTURED_VALUE name:$statusText$delegate type:androidx.compose.runtime.MutableState<kotlin.String> visibility:public/*package*/ [final]
          FIELD FIELD_FOR_CAPTURED_VALUE name:$isLoading$delegate type:androidx.compose.runtime.MutableState<kotlin.Boolean> visibility:public/*package*/ [final]
          FUN LOCAL_FUNCTION_FOR_LAMBDA name:invokeSuspend$lambda$0 visibility:private modality:FINAL <> ($authToken:kotlin.String?, chain:okhttp3.Interceptor.Chain) returnType:okhttp3.Response
            VALUE_PARAMETER BOUND_VALUE_PARAMETER name:$authToken index:0 type:kotlin.String?
            VALUE_PARAMETER name:chain index:1 type:okhttp3.Interceptor.Chain
            BLOCK_BODY
              VAR name:originalRequest type:okhttp3.Request [val]
                CALL 'public abstract fun request (): okhttp3.Request declared in okhttp3.Interceptor.Chain' type=okhttp3.Request origin=null
                  $this: GET_VAR 'chain: okhttp3.Interceptor.Chain declared in com.example.mycarapp.activities.AlbumsActivity.onCreate.<no name provided>.invokeSuspend$lambda$0' type=okhttp3.Interceptor.Chain origin=null
              VAR name:modifiedRequest type:okhttp3.Request [val]
                CALL 'public open fun build (): okhttp3.Request declared in okhttp3.Request.Builder' type=okhttp3.Request origin=null
                  $this: CALL 'public open fun header (name: kotlin.String, value: kotlin.String): okhttp3.Request.Builder declared in okhttp3.Request.Builder' type=okhttp3.Request.Builder origin=null
                    $this: CALL 'public final fun newBuilder (): okhttp3.Request.Builder declared in okhttp3.Request' type=okhttp3.Request.Builder origin=null
                      $this: GET_VAR 'val originalRequest: okhttp3.Request [val] declared in com.example.mycarapp.activities.AlbumsActivity.onCreate.<no name provided>.invokeSuspend$lambda$0' type=okhttp3.Request origin=null
                    name: CONST String type=kotlin.String value="X-ND-Authorization"
                    value: STRING_CONCATENATION type=kotlin.String
                      CONST String type=kotlin.String value="Bearer "
                      GET_VAR '$authToken: kotlin.String? declared in com.example.mycarapp.activities.AlbumsActivity.onCreate.<no name provided>.invokeSuspend$lambda$0' type=kotlin.String? origin=null
              RETURN type=kotlin.Nothing from='private final fun invokeSuspend$lambda$0 ($authToken: kotlin.String?, chain: okhttp3.Interceptor.Chain): okhttp3.Response declared in com.example.mycarapp.activities.AlbumsActivity.onCreate.<no name provided>'
                CALL 'public abstract fun proceed (request: okhttp3.Request): okhttp3.Response declared in okhttp3.Interceptor.Chain' type=okhttp3.Response origin=null
                  $this: GET_VAR 'chain: okhttp3.Interceptor.Chain declared in com.example.mycarapp.activities.AlbumsActivity.onCreate.<no name provided>.invokeSuspend$lambda$0' type=okhttp3.Interceptor.Chain origin=null
                  request: GET_VAR 'val modifiedRequest: okhttp3.Request [val] declared in com.example.mycarapp.activities.AlbumsActivity.onCreate.<no name provided>.invokeSuspend$lambda$0' type=okhttp3.Request origin=null
          FUN INLINE_LAMBDA name:invokeSuspend$lambda$1 visibility:private modality:FINAL <> ($receiver:okhttp3.logging.HttpLoggingInterceptor) returnType:kotlin.Unit
            $receiver: VALUE_PARAMETER name:$this$apply type:okhttp3.logging.HttpLoggingInterceptor
            BLOCK_BODY
              VAR name:$i$a$-apply-AlbumsActivity$onCreate$1$logging$1 type:kotlin.Int [val]
                CONST Int type=kotlin.Int value=0
              CALL 'public final fun <set-level> (<set-?>: okhttp3.logging.HttpLoggingInterceptor.Level): kotlin.Unit declared in okhttp3.logging.HttpLoggingInterceptor' type=kotlin.Unit origin=EQ
                $this: GET_VAR '$this$apply: okhttp3.logging.HttpLoggingInterceptor declared in com.example.mycarapp.activities.AlbumsActivity.onCreate.<no name provided>.invokeSuspend$lambda$1' type=okhttp3.logging.HttpLoggingInterceptor origin=null
                <set-?>: GET_FIELD 'FIELD FIELD_FOR_ENUM_ENTRY name:BODY type:okhttp3.logging.HttpLoggingInterceptor.Level visibility:public [final,static] declared in okhttp3.logging.HttpLoggingInterceptor.Level' type=okhttp3.logging.HttpLoggingInterceptor.Level origin=null
          FUN INLINE_LAMBDA name:invokeSuspend$lambda$2 visibility:private modality:FINAL <> (it:com.example.piciplayer.dto.Album) returnType:kotlin.String?
            VALUE_PARAMETER name:it index:0 type:com.example.piciplayer.dto.Album
            BLOCK_BODY
              VAR name:$i$a$-sortedByDescending-AlbumsActivity$onCreate$1$1 type:kotlin.Int [val]
                CONST Int type=kotlin.Int value=0
              RETURN type=kotlin.Nothing from='private final fun invokeSuspend$lambda$2 (it: com.example.piciplayer.dto.Album): kotlin.String? declared in com.example.mycarapp.activities.AlbumsActivity.onCreate.<no name provided>'
                CALL 'public final fun <get-createdAt> (): kotlin.String declared in com.example.piciplayer.dto.Album' type=kotlin.String origin=GET_PROPERTY
                  $this: GET_VAR 'it: com.example.piciplayer.dto.Album declared in com.example.mycarapp.activities.AlbumsActivity.onCreate.<no name provided>.invokeSuspend$lambda$2' type=com.example.piciplayer.dto.Album origin=null
          FUN BRIDGE name:invoke visibility:public modality:OPEN <> ($this:com.example.mycarapp.activities.AlbumsActivity.onCreate.<no name provided>, p1:kotlin.Any?, p2:kotlin.Any?) returnType:kotlin.Any?
            $this: VALUE_PARAMETER INSTANCE_RECEIVER name:<this> type:com.example.mycarapp.activities.AlbumsActivity.onCreate.<no name provided>
            VALUE_PARAMETER BRIDGE name:p1 index:0 type:kotlin.Any?
            VALUE_PARAMETER BRIDGE name:p2 index:1 type:kotlin.Any?
            EXPRESSION_BODY
              RETURN type=kotlin.Nothing from='public open fun invoke (p1: kotlin.Any?, p2: kotlin.Any?): kotlin.Any? declared in com.example.mycarapp.activities.AlbumsActivity.onCreate.<no name provided>'
                CALL 'public final fun invoke (p1: kotlinx.coroutines.CoroutineScope, p2: kotlin.coroutines.Continuation<kotlin.Unit>?): kotlin.Any? declared in com.example.mycarapp.activities.AlbumsActivity.onCreate.<no name provided>' type=kotlin.Any? origin=BRIDGE_DELEGATION
                  $this: GET_VAR '<this>: com.example.mycarapp.activities.AlbumsActivity.onCreate.<no name provided> declared in com.example.mycarapp.activities.AlbumsActivity.onCreate.<no name provided>.invoke' type=com.example.mycarapp.activities.AlbumsActivity.onCreate.<no name provided> origin=null
                  p1: TYPE_OP type=kotlinx.coroutines.CoroutineScope origin=IMPLICIT_CAST typeOperand=kotlinx.coroutines.CoroutineScope
                    GET_VAR 'p1: kotlin.Any? declared in com.example.mycarapp.activities.AlbumsActivity.onCreate.<no name provided>.invoke' type=kotlin.Any? origin=null
                  p2: TYPE_OP type=kotlin.coroutines.Continuation<*> origin=IMPLICIT_CAST typeOperand=kotlin.coroutines.Continuation<*>
                    GET_VAR 'p2: kotlin.Any? declared in com.example.mycarapp.activities.AlbumsActivity.onCreate.<no name provided>.invoke' type=kotlin.Any? origin=null
        CONSTRUCTOR_CALL 'public/*package*/ constructor <init> ($serverUrl: kotlin.String?, $authToken: kotlin.String?, $albumsList$delegate: androidx.compose.runtime.MutableState<kotlin.collections.List<com.example.piciplayer.dto.Album>>, $statusText$delegate: androidx.compose.runtime.MutableState<kotlin.String>, $isLoading$delegate: androidx.compose.runtime.MutableState<kotlin.Boolean>, $completion: kotlin.coroutines.Continuation<com.example.mycarapp.activities.AlbumsActivity.onCreate.<no name provided>>?) [primary] declared in com.example.mycarapp.activities.AlbumsActivity.onCreate.<no name provided>' type=com.example.mycarapp.activities.AlbumsActivity.onCreate.<no name provided> origin=null
          $serverUrl: GET_VAR 'val serverUrl: kotlin.String? [val] declared in com.example.mycarapp.activities.AlbumsActivity.onCreate' type=kotlin.String? origin=null
          $authToken: GET_VAR 'val authToken: kotlin.String? [val] declared in com.example.mycarapp.activities.AlbumsActivity.onCreate' type=kotlin.String? origin=null
          $albumsList$delegate: GET_VAR 'val albumsList$delegate: androidx.compose.runtime.MutableState<kotlin.collections.List<com.example.piciplayer.dto.Album>> [val] declared in com.example.mycarapp.activities.AlbumsActivity.onCreate' type=androidx.compose.runtime.MutableState<kotlin.collections.List<com.example.piciplayer.dto.Album>> origin=null
          $statusText$delegate: GET_VAR 'val statusText$delegate: androidx.compose.runtime.MutableState<kotlin.String> [val] declared in com.example.mycarapp.activities.AlbumsActivity.onCreate' type=androidx.compose.runtime.MutableState<kotlin.String> origin=null
          $isLoading$delegate: GET_VAR 'val isLoading$delegate: androidx.compose.runtime.MutableState<kotlin.Boolean> [val] declared in com.example.mycarapp.activities.AlbumsActivity.onCreate' type=androidx.compose.runtime.MutableState<kotlin.Boolean> origin=null
          $completion: CONST Null type=kotlin.Nothing? value=null

	at org.jetbrains.kotlin.backend.jvm.codegen.FunctionCodegen.generate(FunctionCodegen.kt:47)
	at org.jetbrains.kotlin.backend.jvm.codegen.FunctionCodegen.generate$default(FunctionCodegen.kt:40)
	at org.jetbrains.kotlin.backend.jvm.codegen.ClassCodegen.generateMethodNode(ClassCodegen.kt:406)
	at org.jetbrains.kotlin.backend.jvm.codegen.ClassCodegen.generateMethod(ClassCodegen.kt:423)
	at org.jetbrains.kotlin.backend.jvm.codegen.ClassCodegen.generate(ClassCodegen.kt:168)
	at org.jetbrains.kotlin.backend.jvm.FileCodegen.lower(JvmPhases.kt:39)
	at org.jetbrains.kotlin.backend.common.phaser.PhaseFactoriesKt.createFilePhase$lambda$4(PhaseFactories.kt:71)
	at org.jetbrains.kotlin.backend.common.phaser.PhaseBuildersKt$createSimpleNamedCompilerPhase$1.phaseBody(PhaseBuilders.kt:69)
	at org.jetbrains.kotlin.backend.common.phaser.SimpleNamedCompilerPhase.phaseBody(CompilerPhase.kt:226)
	at org.jetbrains.kotlin.backend.common.phaser.AbstractNamedCompilerPhase.invoke(CompilerPhase.kt:113)
	at org.jetbrains.kotlin.backend.common.phaser.PerformByIrFilePhase.invokeSequential(performByIrFile.kt:62)
	... 43 more
Caused by: org.jetbrains.kotlin.codegen.CompilationException: Back-end (JVM) Internal error: Couldn't inline method call: CALL 'public final fun remember <T> (calculation: @[DisallowComposableCalls] kotlin.Function0<T of androidx.compose.runtime.ComposablesKt.remember>): T of androidx.compose.runtime.ComposablesKt.remember [inline] declared in androidx.compose.runtime.ComposablesKt' type=androidx.compose.runtime.MutableState<kotlin.collections.List<com.example.piciplayer.dto.Album>> origin=null
Method: null
File is unknown
The root cause java.lang.IllegalStateException was thrown at: org.jetbrains.kotlin.codegen.inline.SourceCompilerForInlineKt.getMethodNode(SourceCompilerForInline.kt:118)
	at org.jetbrains.kotlin.codegen.inline.InlineCodegen.performInline(InlineCodegen.kt:65)
	at org.jetbrains.kotlin.backend.jvm.codegen.IrInlineCodegen.genInlineCall(IrInlineCodegen.kt:163)
	at org.jetbrains.kotlin.backend.jvm.codegen.IrInlineCallGenerator.genCall(IrInlineCallGenerator.kt:36)
	at org.jetbrains.kotlin.backend.jvm.codegen.ExpressionCodegen.visitCall(ExpressionCodegen.kt:653)
	at org.jetbrains.kotlin.backend.jvm.codegen.ExpressionCodegen.visitCall(ExpressionCodegen.kt:138)
	at org.jetbrains.kotlin.ir.expressions.IrCall.accept(IrCall.kt:24)
	at org.jetbrains.kotlin.backend.jvm.codegen.ExpressionCodegen.visitVariable(ExpressionCodegen.kt:790)
	at org.jetbrains.kotlin.backend.jvm.codegen.ExpressionCodegen.visitVariable(ExpressionCodegen.kt:138)
	at org.jetbrains.kotlin.ir.declarations.IrVariable.accept(IrVariable.kt:36)
	at org.jetbrains.kotlin.backend.jvm.codegen.ExpressionCodegen.visitStatementContainer(ExpressionCodegen.kt:579)
	at org.jetbrains.kotlin.backend.jvm.codegen.ExpressionCodegen.visitBlockBody(ExpressionCodegen.kt:584)
	at org.jetbrains.kotlin.backend.jvm.codegen.ExpressionCodegen.visitBlockBody(ExpressionCodegen.kt:138)
	at org.jetbrains.kotlin.ir.expressions.IrBlockBody.accept(IrBlockBody.kt:20)
	at org.jetbrains.kotlin.backend.jvm.codegen.ExpressionCodegen.generate(ExpressionCodegen.kt:240)
	at org.jetbrains.kotlin.backend.jvm.codegen.FunctionCodegen.doGenerate(FunctionCodegen.kt:123)
	at org.jetbrains.kotlin.backend.jvm.codegen.FunctionCodegen.generate(FunctionCodegen.kt:44)
	... 53 more
Caused by: java.lang.IllegalStateException: couldn't find inline method Landroidx/compose/runtime/ComposablesKt;.remember(Lkotlin/jvm/functions/Function0;)Ljava/lang/Object;
	at org.jetbrains.kotlin.codegen.inline.SourceCompilerForInlineKt.getMethodNode(SourceCompilerForInline.kt:118)
	at org.jetbrains.kotlin.codegen.inline.SourceCompilerForInlineKt.loadCompiledInlineFunction(SourceCompilerForInline.kt:96)
	at org.jetbrains.kotlin.backend.jvm.codegen.IrSourceCompilerForInline.compileInlineFunction(IrSourceCompilerForInline.kt:91)
	at org.jetbrains.kotlin.codegen.inline.InlineCodegen.compileInline(InlineCodegen.kt:43)
	at org.jetbrains.kotlin.codegen.inline.InlineCodegen.performInline(InlineCodegen.kt:51)
	... 68 more


